[2025-08-11T13:58:31.696111+00:00] log.DEBUG: CORS analysis for request started. [] []
[2025-08-11T13:58:31.917535+00:00] log.INFO: Request is not CORS (request origin is empty). [] []
[2025-08-11T13:58:32.087478+00:00] log.DEBUG: CORS analysis for request completed. [] []
[2025-08-11T13:58:34.222072+00:00] log.DEBUG: CORS analysis for request started. [] []
[2025-08-11T13:58:34.224165+00:00] log.INFO: Request is not CORS (request origin is empty). [] []
[2025-08-11T13:58:34.224659+00:00] log.DEBUG: CORS analysis for request completed. [] []
[2025-08-11T13:58:40.057522+00:00] log.DEBUG: Executing query: SHOW TABLE STATUS WHERE Engine = 'MyISAM' AND Name = 'aportes_legales' {"params":null,"types":null} []
[2025-08-11T13:58:40.059931+00:00] log.DEBUG: SHOW TABLE STATUS WHERE Engine = 'MyISAM' AND Name = 'aportes_legales' {"params":null,"types":null,"executionMS":0.0024068355560302734} []
[2025-08-11T13:58:49.602170+00:00] log.DEBUG: Executing query: SELECT COUNT(*) FROM aportes_legales {"params":null,"types":null} []
[2025-08-11T13:58:49.617833+00:00] log.DEBUG: SELECT COUNT(*) FROM aportes_legales {"params":null,"types":null,"executionMS":0.01565694808959961} []
[2025-08-11T13:58:49.619419+00:00] log.DEBUG: Executing query: SELECT * FROM aportes_legales LIMIT 20 {"params":null,"types":null} []
[2025-08-11T13:58:49.620883+00:00] log.DEBUG: SELECT * FROM aportes_legales LIMIT 20 {"params":null,"types":null,"executionMS":0.0014569759368896484} []
[2025-08-11T14:01:01.866271+00:00] log.DEBUG: CORS analysis for request started. [] []
[2025-08-11T14:01:01.868680+00:00] log.INFO: Request is not CORS (request origin is empty). [] []
[2025-08-11T14:01:01.869226+00:00] log.DEBUG: CORS analysis for request completed. [] []
[2025-08-11T14:01:02.729940+00:00] log.DEBUG: Executing query: SHOW TABLE STATUS WHERE Engine = 'MyISAM' AND Name = 'stock' {"params":null,"types":null} []
[2025-08-11T14:01:02.744626+00:00] log.DEBUG: SHOW TABLE STATUS WHERE Engine = 'MyISAM' AND Name = 'stock' {"params":null,"types":null,"executionMS":0.014671802520751953} []
[2025-08-11T14:01:02.822561+00:00] log.DEBUG: Executing query: SELECT COUNT(*) FROM stock {"params":null,"types":null} []
[2025-08-11T14:01:02.823742+00:00] log.DEBUG: SELECT COUNT(*) FROM stock {"params":null,"types":null,"executionMS":0.0011799335479736328} []
[2025-08-11T14:01:02.824150+00:00] log.DEBUG: Executing query: SELECT * FROM stock LIMIT 20 {"params":null,"types":null} []
[2025-08-11T14:01:02.824981+00:00] log.DEBUG: SELECT * FROM stock LIMIT 20 {"params":null,"types":null,"executionMS":0.0008199214935302734} []
[2025-08-11T14:01:04.403223+00:00] log.DEBUG: CORS analysis for request started. [] []
[2025-08-11T14:01:04.429588+00:00] log.INFO: Request is not CORS (request origin is empty). [] []
[2025-08-11T14:01:04.430795+00:00] log.DEBUG: CORS analysis for request completed. [] []
[2025-08-11T14:01:04.810245+00:00] log.DEBUG: Executing query: SHOW TABLE STATUS WHERE Engine = 'MyISAM' AND Name = 'movimientos_stock' {"params":null,"types":null} []
[2025-08-11T14:01:04.812664+00:00] log.DEBUG: SHOW TABLE STATUS WHERE Engine = 'MyISAM' AND Name = 'movimientos_stock' {"params":null,"types":null,"executionMS":0.0024139881134033203} []
[2025-08-11T14:01:04.900712+00:00] log.DEBUG: Executing query: SELECT COUNT(*) FROM movimientos_stock {"params":null,"types":null} []
[2025-08-11T14:01:04.902289+00:00] log.DEBUG: SELECT COUNT(*) FROM movimientos_stock {"params":null,"types":null,"executionMS":0.0015799999237060547} []
[2025-08-11T14:01:04.904810+00:00] log.DEBUG: Executing query: SELECT * FROM movimientos_stock LIMIT 20 {"params":null,"types":null} []
[2025-08-11T14:01:04.907580+00:00] log.DEBUG: SELECT * FROM movimientos_stock LIMIT 20 {"params":null,"types":null,"executionMS":0.0027608871459960938} []
[2025-08-11T14:20:22.430152+00:00] log.DEBUG: CORS analysis for request started. [] []
[2025-08-11T14:20:22.432204+00:00] log.INFO: Request is not CORS (request origin is empty). [] []
[2025-08-11T14:20:22.432672+00:00] log.DEBUG: CORS analysis for request completed. [] []
[2025-08-11T14:20:22.757038+00:00] log.DEBUG: CORS analysis for request started. [] []
[2025-08-11T14:20:22.760519+00:00] log.INFO: Request is not CORS (request origin is empty). [] []
[2025-08-11T14:20:22.762998+00:00] log.DEBUG: CORS analysis for request completed. [] []
[2025-08-11T14:20:23.436539+00:00] log.DEBUG: Executing query: SELECT COUNT(*) FROM aportes_legales {"params":null,"types":null} []
[2025-08-11T14:20:23.437567+00:00] log.DEBUG: SELECT COUNT(*) FROM aportes_legales {"params":null,"types":null,"executionMS":0.0010061264038085938} []
[2025-08-11T14:20:23.438433+00:00] log.DEBUG: Executing query: SELECT * FROM aportes_legales LIMIT 20 {"params":null,"types":null} []
[2025-08-11T14:20:23.439837+00:00] log.DEBUG: SELECT * FROM aportes_legales LIMIT 20 {"params":null,"types":null,"executionMS":0.0013849735260009766} []
[2025-08-11T14:20:31.255461+00:00] log.DEBUG: CORS analysis for request started. [] []
[2025-08-11T14:20:31.260164+00:00] log.INFO: Request is not CORS (request origin is empty). [] []
[2025-08-11T14:20:31.261007+00:00] log.DEBUG: CORS analysis for request completed. [] []
[2025-08-11T14:20:31.411539+00:00] log.DEBUG: Executing query: SHOW TABLE STATUS WHERE Engine = 'MyISAM' AND Name = 'cooperativas' {"params":null,"types":null} []
[2025-08-11T14:20:31.412796+00:00] log.DEBUG: SHOW TABLE STATUS WHERE Engine = 'MyISAM' AND Name = 'cooperativas' {"params":null,"types":null,"executionMS":0.0012569427490234375} []
[2025-08-11T14:20:31.441365+00:00] log.DEBUG: Executing query: SELECT COUNT(*) FROM cooperativas {"params":null,"types":null} []
[2025-08-11T14:20:31.442586+00:00] log.DEBUG: SELECT COUNT(*) FROM cooperativas {"params":null,"types":null,"executionMS":0.0012259483337402344} []
[2025-08-11T14:20:31.443205+00:00] log.DEBUG: Executing query: SELECT * FROM cooperativas LIMIT 20 {"params":null,"types":null} []
[2025-08-11T14:20:31.446044+00:00] log.DEBUG: SELECT * FROM cooperativas LIMIT 20 {"params":null,"types":null,"executionMS":0.0028219223022460938} []
[2025-08-11T14:20:34.376230+00:00] log.DEBUG: CORS analysis for request started. [] []
[2025-08-11T14:20:34.379288+00:00] log.INFO: Request is not CORS (request origin is empty). [] []
[2025-08-11T14:20:34.379684+00:00] log.DEBUG: CORS analysis for request completed. [] []
[2025-08-11T14:22:38.665630+00:00] log.DEBUG: CORS analysis for request started. [] []
[2025-08-11T14:22:38.668408+00:00] log.INFO: Request is not CORS (request origin is empty). [] []
[2025-08-11T14:22:38.669225+00:00] log.DEBUG: CORS analysis for request completed. [] []
[2025-08-11T20:29:35.180024+00:00] log.DEBUG: CORS analysis for request started. [] []
[2025-08-11T20:29:35.419003+00:00] log.INFO: Request is not CORS (request origin is empty). [] []
[2025-08-11T20:29:35.518504+00:00] log.DEBUG: CORS analysis for request completed. [] []
[2025-08-11T20:29:37.205274+00:00] log.DEBUG: CORS analysis for request started. [] []
[2025-08-11T20:29:37.207402+00:00] log.INFO: Request is not CORS (request origin is empty). [] []
[2025-08-11T20:29:37.207806+00:00] log.DEBUG: CORS analysis for request completed. [] []
[2025-08-11T20:29:39.694803+00:00] log.DEBUG: Executing query: SHOW TABLE STATUS WHERE Engine = 'MyISAM' AND Name = 'aportes_legales' {"params":null,"types":null} []
[2025-08-11T20:29:39.698404+00:00] log.DEBUG: SHOW TABLE STATUS WHERE Engine = 'MyISAM' AND Name = 'aportes_legales' {"params":null,"types":null,"executionMS":0.0036020278930664062} []
[2025-08-11T20:29:42.010216+00:00] log.DEBUG: Executing query: SELECT COUNT(*) FROM aportes_legales {"params":null,"types":null} []
[2025-08-11T20:29:42.011393+00:00] log.DEBUG: SELECT COUNT(*) FROM aportes_legales {"params":null,"types":null,"executionMS":0.0011749267578125} []
[2025-08-11T20:29:42.012088+00:00] log.DEBUG: Executing query: SELECT * FROM aportes_legales LIMIT 20 {"params":null,"types":null} []
[2025-08-11T20:29:42.016401+00:00] log.DEBUG: SELECT * FROM aportes_legales LIMIT 20 {"params":null,"types":null,"executionMS":0.004288911819458008} []
[2025-08-11T20:29:57.915609+00:00] log.DEBUG: CORS analysis for request started. [] []
[2025-08-11T20:29:57.927078+00:00] log.INFO: Request is not CORS (request origin is empty). [] []
[2025-08-11T20:29:57.927891+00:00] log.DEBUG: CORS analysis for request completed. [] []
[2025-08-11T20:30:05.564385+00:00] log.DEBUG: CORS analysis for request started. [] []
[2025-08-11T20:30:05.582163+00:00] log.INFO: Request is not CORS (request origin is empty). [] []
[2025-08-11T20:30:05.582663+00:00] log.DEBUG: CORS analysis for request completed. [] []
[2025-08-11T20:30:05.955141+00:00] log.DEBUG: Executing query: SHOW TABLE STATUS WHERE Engine = 'MyISAM' AND Name = 'proveedores' {"params":null,"types":null} []
[2025-08-11T20:30:05.956912+00:00] log.DEBUG: SHOW TABLE STATUS WHERE Engine = 'MyISAM' AND Name = 'proveedores' {"params":null,"types":null,"executionMS":0.0017669200897216797} []
[2025-08-11T20:30:06.006400+00:00] log.DEBUG: Executing query: SELECT COUNT(*) FROM proveedores {"params":null,"types":null} []
[2025-08-11T20:30:06.010694+00:00] log.DEBUG: SELECT COUNT(*) FROM proveedores {"params":null,"types":null,"executionMS":0.004294872283935547} []
[2025-08-11T20:30:06.011310+00:00] log.DEBUG: Executing query: SELECT * FROM proveedores LIMIT 20 {"params":null,"types":null} []
[2025-08-11T20:30:06.013572+00:00] log.DEBUG: SELECT * FROM proveedores LIMIT 20 {"params":null,"types":null,"executionMS":0.0022430419921875} []
[2025-08-11T20:30:09.671957+00:00] log.DEBUG: CORS analysis for request started. [] []
[2025-08-11T20:30:09.673702+00:00] log.INFO: Request is not CORS (request origin is empty). [] []
[2025-08-11T20:30:09.674147+00:00] log.DEBUG: CORS analysis for request completed. [] []
[2025-08-11T20:30:13.122321+00:00] log.DEBUG: CORS analysis for request started. [] []
[2025-08-11T20:30:13.123929+00:00] log.INFO: Request is not CORS (request origin is empty). [] []
[2025-08-11T20:30:13.124307+00:00] log.DEBUG: CORS analysis for request completed. [] []
[2025-08-11T20:30:13.760047+00:00] log.DEBUG: Executing query: SHOW TABLE STATUS WHERE Engine = 'MyISAM' AND Name = 'usuarios' {"params":null,"types":null} []
[2025-08-11T20:30:13.774892+00:00] log.DEBUG: SHOW TABLE STATUS WHERE Engine = 'MyISAM' AND Name = 'usuarios' {"params":null,"types":null,"executionMS":0.01483607292175293} []
[2025-08-11T20:30:13.824389+00:00] log.DEBUG: Executing query: SELECT COUNT(*) FROM usuarios {"params":null,"types":null} []
[2025-08-11T20:30:13.825336+00:00] log.DEBUG: SELECT COUNT(*) FROM usuarios {"params":null,"types":null,"executionMS":0.0009481906890869141} []
[2025-08-11T20:30:13.825934+00:00] log.DEBUG: Executing query: SELECT * FROM usuarios LIMIT 20 {"params":null,"types":null} []
[2025-08-11T20:30:13.829701+00:00] log.DEBUG: SELECT * FROM usuarios LIMIT 20 {"params":null,"types":null,"executionMS":0.003740072250366211} []
[2025-08-11T20:30:41.618741+00:00] log.DEBUG: CORS analysis for request started. [] []
[2025-08-11T20:30:41.624284+00:00] log.INFO: Request is not CORS (request origin is empty). [] []
[2025-08-11T20:30:41.625196+00:00] log.DEBUG: CORS analysis for request completed. [] []
[2025-08-11T20:30:42.408414+00:00] log.DEBUG: Executing query: SHOW TABLE STATUS WHERE Engine = 'MyISAM' AND Name = 'ingresos' {"params":null,"types":null} []
[2025-08-11T20:30:42.411840+00:00] log.DEBUG: SHOW TABLE STATUS WHERE Engine = 'MyISAM' AND Name = 'ingresos' {"params":null,"types":null,"executionMS":0.003403902053833008} []
[2025-08-11T20:30:42.516918+00:00] log.DEBUG: Executing query: SELECT COUNT(*) FROM ingresos {"params":null,"types":null} []
[2025-08-11T20:30:42.517899+00:00] log.DEBUG: SELECT COUNT(*) FROM ingresos {"params":null,"types":null,"executionMS":0.0009748935699462891} []
[2025-08-11T20:30:42.518481+00:00] log.DEBUG: Executing query: SELECT * FROM ingresos LIMIT 20 {"params":null,"types":null} []
[2025-08-11T20:30:42.521451+00:00] log.DEBUG: SELECT * FROM ingresos LIMIT 20 {"params":null,"types":null,"executionMS":0.0029549598693847656} []
[2025-08-11T20:30:46.703805+00:00] log.DEBUG: CORS analysis for request started. [] []
[2025-08-11T20:30:46.712916+00:00] log.INFO: Request is not CORS (request origin is empty). [] []
[2025-08-11T20:30:46.717420+00:00] log.DEBUG: CORS analysis for request completed. [] []
[2025-08-11T20:30:52.482235+00:00] log.DEBUG: CORS analysis for request started. [] []
[2025-08-11T20:30:52.488830+00:00] log.INFO: Request is not CORS (request origin is empty). [] []
[2025-08-11T20:30:52.492597+00:00] log.DEBUG: CORS analysis for request completed. [] []
[2025-08-11T20:30:53.060149+00:00] log.DEBUG: Executing query: SHOW TABLE STATUS WHERE Engine = 'MyISAM' AND Name = 'cooperativas' {"params":null,"types":null} []
[2025-08-11T20:30:53.063200+00:00] log.DEBUG: SHOW TABLE STATUS WHERE Engine = 'MyISAM' AND Name = 'cooperativas' {"params":null,"types":null,"executionMS":0.003036975860595703} []
[2025-08-11T20:30:53.099001+00:00] log.DEBUG: Executing query: SELECT COUNT(*) FROM cooperativas {"params":null,"types":null} []
[2025-08-11T20:30:53.100971+00:00] log.DEBUG: SELECT COUNT(*) FROM cooperativas {"params":null,"types":null,"executionMS":0.001965045928955078} []
[2025-08-11T20:30:53.101315+00:00] log.DEBUG: Executing query: SELECT * FROM cooperativas LIMIT 20 {"params":null,"types":null} []
[2025-08-11T20:30:53.105398+00:00] log.DEBUG: SELECT * FROM cooperativas LIMIT 20 {"params":null,"types":null,"executionMS":0.004048824310302734} []
[2025-08-11T20:31:01.790216+00:00] log.DEBUG: CORS analysis for request started. [] []
[2025-08-11T20:31:01.793038+00:00] log.INFO: Request is not CORS (request origin is empty). [] []
[2025-08-11T20:31:01.793884+00:00] log.DEBUG: CORS analysis for request completed. [] []
