[2025-08-10T08:25:20.948890+00:00] log.DEBUG: CORS analysis for request started. [] []
[2025-08-10T08:25:21.150095+00:00] log.INFO: Request is not CORS (request origin is empty). [] []
[2025-08-10T08:25:21.251739+00:00] log.DEBUG: CORS analysis for request completed. [] []
[2025-08-10T08:25:22.620417+00:00] log.DEBUG: CORS analysis for request started. [] []
[2025-08-10T08:25:22.626158+00:00] log.INFO: Request is not CORS (request origin is empty). [] []
[2025-08-10T08:25:22.628139+00:00] log.DEBUG: CORS analysis for request completed. [] []
[2025-08-10T08:25:24.776836+00:00] log.DEBUG: Executing query: SHOW TABLE STATUS WHERE Engine = 'MyISAM' AND Name = 'aportes_legales' {"params":null,"types":null} []
[2025-08-10T08:25:24.789612+00:00] log.DEBUG: SHOW TABLE STATUS WHERE Engine = 'MyISAM' AND Name = 'aportes_legales' {"params":null,"types":null,"executionMS":0.01276397705078125} []
[2025-08-10T08:25:26.091199+00:00] log.DEBUG: Executing query: SELECT COUNT(*) FROM aportes_legales {"params":null,"types":null} []
[2025-08-10T08:25:26.093053+00:00] log.DEBUG: SELECT COUNT(*) FROM aportes_legales {"params":null,"types":null,"executionMS":0.001850128173828125} []
[2025-08-10T08:25:26.093397+00:00] log.DEBUG: Executing query: SELECT * FROM aportes_legales LIMIT 20 {"params":null,"types":null} []
[2025-08-10T08:25:26.094755+00:00] log.DEBUG: SELECT * FROM aportes_legales LIMIT 20 {"params":null,"types":null,"executionMS":0.0013499259948730469} []
[2025-08-10T08:26:08.646795+00:00] log.DEBUG: CORS analysis for request started. [] []
[2025-08-10T08:26:08.650740+00:00] log.INFO: Request is not CORS (request origin is empty). [] []
[2025-08-10T08:26:08.651221+00:00] log.DEBUG: CORS analysis for request completed. [] []
[2025-08-10T08:26:08.863391+00:00] log.DEBUG: Executing query: SHOW TABLE STATUS WHERE Engine = 'MyISAM' AND Name = 'stock' {"params":null,"types":null} []
[2025-08-10T08:26:08.865782+00:00] log.DEBUG: SHOW TABLE STATUS WHERE Engine = 'MyISAM' AND Name = 'stock' {"params":null,"types":null,"executionMS":0.0023620128631591797} []
[2025-08-10T08:26:08.912738+00:00] log.DEBUG: Executing query: SELECT COUNT(*) FROM stock {"params":null,"types":null} []
[2025-08-10T08:26:08.915346+00:00] log.DEBUG: SELECT COUNT(*) FROM stock {"params":null,"types":null,"executionMS":0.0026030540466308594} []
[2025-08-10T08:26:08.916547+00:00] log.DEBUG: Executing query: SELECT * FROM stock LIMIT 20 {"params":null,"types":null} []
[2025-08-10T08:26:08.918883+00:00] log.DEBUG: SELECT * FROM stock LIMIT 20 {"params":null,"types":null,"executionMS":0.0023250579833984375} []
[2025-08-10T08:26:11.393807+00:00] log.DEBUG: CORS analysis for request started. [] []
[2025-08-10T08:26:11.396259+00:00] log.INFO: Request is not CORS (request origin is empty). [] []
[2025-08-10T08:26:11.396904+00:00] log.DEBUG: CORS analysis for request completed. [] []
[2025-08-10T08:26:11.555940+00:00] log.DEBUG: Executing query: SHOW TABLE STATUS WHERE Engine = 'MyISAM' AND Name = 'socios' {"params":null,"types":null} []
[2025-08-10T08:26:11.560328+00:00] log.DEBUG: SHOW TABLE STATUS WHERE Engine = 'MyISAM' AND Name = 'socios' {"params":null,"types":null,"executionMS":0.004381895065307617} []
[2025-08-10T08:26:11.798992+00:00] log.DEBUG: Executing query: SELECT COUNT(*) FROM socios {"params":null,"types":null} []
[2025-08-10T08:26:11.805682+00:00] log.DEBUG: SELECT COUNT(*) FROM socios {"params":null,"types":null,"executionMS":0.006677150726318359} []
[2025-08-10T08:26:11.806275+00:00] log.DEBUG: Executing query: SELECT * FROM socios LIMIT 20 {"params":null,"types":null} []
[2025-08-10T08:26:11.809672+00:00] log.DEBUG: SELECT * FROM socios LIMIT 20 {"params":null,"types":null,"executionMS":0.0026738643646240234} []
[2025-08-10T08:26:14.181451+00:00] log.DEBUG: CORS analysis for request started. [] []
[2025-08-10T08:26:14.240125+00:00] log.INFO: Request is not CORS (request origin is empty). [] []
[2025-08-10T08:26:14.246253+00:00] log.DEBUG: CORS analysis for request completed. [] []
[2025-08-10T08:26:14.612373+00:00] log.DEBUG: Executing query: SHOW TABLE STATUS WHERE Engine = 'MyISAM' AND Name = 'proveedores' {"params":null,"types":null} []
[2025-08-10T08:26:14.614891+00:00] log.DEBUG: SHOW TABLE STATUS WHERE Engine = 'MyISAM' AND Name = 'proveedores' {"params":null,"types":null,"executionMS":0.0025110244750976562} []
[2025-08-10T08:26:14.650003+00:00] log.DEBUG: Executing query: SELECT COUNT(*) FROM proveedores {"params":null,"types":null} []
[2025-08-10T08:26:14.651905+00:00] log.DEBUG: SELECT COUNT(*) FROM proveedores {"params":null,"types":null,"executionMS":0.001895904541015625} []
[2025-08-10T08:26:14.653975+00:00] log.DEBUG: Executing query: SELECT * FROM proveedores LIMIT 20 {"params":null,"types":null} []
[2025-08-10T08:26:14.658119+00:00] log.DEBUG: SELECT * FROM proveedores LIMIT 20 {"params":null,"types":null,"executionMS":0.004130125045776367} []
[2025-08-10T08:28:28.427841+00:00] log.DEBUG: CORS analysis for request started. [] []
[2025-08-10T08:28:28.430658+00:00] log.INFO: Request is not CORS (request origin is empty). [] []
[2025-08-10T08:28:28.432942+00:00] log.DEBUG: CORS analysis for request completed. [] []
[2025-08-10T08:28:28.750310+00:00] log.DEBUG: Executing query: SHOW TABLE STATUS WHERE Engine = 'MyISAM' AND Name = 'horas_trabajadas' {"params":null,"types":null} []
[2025-08-10T08:28:28.752704+00:00] log.DEBUG: SHOW TABLE STATUS WHERE Engine = 'MyISAM' AND Name = 'horas_trabajadas' {"params":null,"types":null,"executionMS":0.0025479793548583984} []
[2025-08-10T08:28:28.784536+00:00] log.DEBUG: Executing query: SELECT COUNT(*) FROM horas_trabajadas {"params":null,"types":null} []
[2025-08-10T08:28:28.787999+00:00] log.DEBUG: SELECT COUNT(*) FROM horas_trabajadas {"params":null,"types":null,"executionMS":0.003448963165283203} []
[2025-08-10T08:28:28.788568+00:00] log.DEBUG: Executing query: SELECT * FROM horas_trabajadas LIMIT 20 {"params":null,"types":null} []
[2025-08-10T08:28:28.790058+00:00] log.DEBUG: SELECT * FROM horas_trabajadas LIMIT 20 {"params":null,"types":null,"executionMS":0.0014798641204833984} []
[2025-08-10T08:28:34.165588+00:00] log.DEBUG: CORS analysis for request started. [] []
[2025-08-10T08:28:34.168141+00:00] log.INFO: Request is not CORS (request origin is empty). [] []
[2025-08-10T08:28:34.169645+00:00] log.DEBUG: CORS analysis for request completed. [] []
[2025-08-10T08:28:34.511373+00:00] log.DEBUG: Executing query: SHOW TABLE STATUS WHERE Engine = 'MyISAM' AND Name = 'cooperativas' {"params":null,"types":null} []
[2025-08-10T08:28:34.515071+00:00] log.DEBUG: SHOW TABLE STATUS WHERE Engine = 'MyISAM' AND Name = 'cooperativas' {"params":null,"types":null,"executionMS":0.003576993942260742} []
[2025-08-10T08:28:34.607921+00:00] log.DEBUG: Executing query: SELECT COUNT(*) FROM cooperativas {"params":null,"types":null} []
[2025-08-10T08:28:34.608845+00:00] log.DEBUG: SELECT COUNT(*) FROM cooperativas {"params":null,"types":null,"executionMS":0.0007510185241699219} []
[2025-08-10T08:28:34.609394+00:00] log.DEBUG: Executing query: SELECT * FROM cooperativas LIMIT 20 {"params":null,"types":null} []
[2025-08-10T08:28:34.611180+00:00] log.DEBUG: SELECT * FROM cooperativas LIMIT 20 {"params":null,"types":null,"executionMS":0.0017750263214111328} []
[2025-08-10T08:28:38.878345+00:00] log.DEBUG: CORS analysis for request started. [] []
[2025-08-10T08:28:38.881729+00:00] log.INFO: Request is not CORS (request origin is empty). [] []
[2025-08-10T08:28:38.882319+00:00] log.DEBUG: CORS analysis for request completed. [] []
[2025-08-10T08:28:39.069036+00:00] log.DEBUG: Executing query: SHOW TABLE STATUS WHERE Engine = 'MyISAM' AND Name = 'compras' {"params":null,"types":null} []
[2025-08-10T08:28:39.071490+00:00] log.DEBUG: SHOW TABLE STATUS WHERE Engine = 'MyISAM' AND Name = 'compras' {"params":null,"types":null,"executionMS":0.0024499893188476562} []
[2025-08-10T08:28:39.101152+00:00] log.DEBUG: Executing query: SELECT COUNT(*) FROM compras {"params":null,"types":null} []
[2025-08-10T08:28:39.106737+00:00] log.DEBUG: SELECT COUNT(*) FROM compras {"params":null,"types":null,"executionMS":0.003638029098510742} []
[2025-08-10T08:28:39.107888+00:00] log.DEBUG: Executing query: SELECT * FROM compras LIMIT 20 {"params":null,"types":null} []
[2025-08-10T08:28:39.108868+00:00] log.DEBUG: SELECT * FROM compras LIMIT 20 {"params":null,"types":null,"executionMS":0.0007998943328857422} []
[2025-08-10T08:28:41.774996+00:00] log.DEBUG: CORS analysis for request started. [] []
[2025-08-10T08:28:41.777051+00:00] log.INFO: Request is not CORS (request origin is empty). [] []
[2025-08-10T08:28:41.779817+00:00] log.DEBUG: CORS analysis for request completed. [] []
[2025-08-10T08:28:41.965096+00:00] log.DEBUG: Executing query: SHOW TABLE STATUS WHERE Engine = 'MyISAM' AND Name = 'ingresos' {"params":null,"types":null} []
[2025-08-10T08:28:41.968030+00:00] log.DEBUG: SHOW TABLE STATUS WHERE Engine = 'MyISAM' AND Name = 'ingresos' {"params":null,"types":null,"executionMS":0.002819061279296875} []
[2025-08-10T08:28:42.015709+00:00] log.DEBUG: Executing query: SELECT COUNT(*) FROM ingresos {"params":null,"types":null} []
[2025-08-10T08:28:42.019251+00:00] log.DEBUG: SELECT COUNT(*) FROM ingresos {"params":null,"types":null,"executionMS":0.0035250186920166016} []
[2025-08-10T08:28:42.020471+00:00] log.DEBUG: Executing query: SELECT * FROM ingresos LIMIT 20 {"params":null,"types":null} []
[2025-08-10T08:28:42.023858+00:00] log.DEBUG: SELECT * FROM ingresos LIMIT 20 {"params":null,"types":null,"executionMS":0.0033659934997558594} []
[2025-08-10T08:28:45.398082+00:00] log.DEBUG: CORS analysis for request started. [] []
[2025-08-10T08:28:45.400112+00:00] log.INFO: Request is not CORS (request origin is empty). [] []
[2025-08-10T08:28:45.400673+00:00] log.DEBUG: CORS analysis for request completed. [] []
[2025-08-10T08:28:45.526278+00:00] log.DEBUG: Executing query: SELECT COUNT(*) FROM aportes_legales {"params":null,"types":null} []
[2025-08-10T08:28:45.528714+00:00] log.DEBUG: SELECT COUNT(*) FROM aportes_legales {"params":null,"types":null,"executionMS":0.002435922622680664} []
[2025-08-10T08:28:45.532398+00:00] log.DEBUG: Executing query: SELECT * FROM aportes_legales LIMIT 20 {"params":null,"types":null} []
[2025-08-10T08:28:45.535004+00:00] log.DEBUG: SELECT * FROM aportes_legales LIMIT 20 {"params":null,"types":null,"executionMS":0.002599000930786133} []
[2025-08-10T08:28:46.946424+00:00] log.DEBUG: CORS analysis for request started. [] []
[2025-08-10T08:28:46.948576+00:00] log.INFO: Request is not CORS (request origin is empty). [] []
[2025-08-10T08:28:46.949179+00:00] log.DEBUG: CORS analysis for request completed. [] []
[2025-08-10T08:28:47.072390+00:00] log.DEBUG: Executing query: SELECT COUNT(*) FROM stock {"params":null,"types":null} []
[2025-08-10T08:28:47.073096+00:00] log.DEBUG: SELECT COUNT(*) FROM stock {"params":null,"types":null,"executionMS":0.0006990432739257812} []
[2025-08-10T08:28:47.074378+00:00] log.DEBUG: Executing query: SELECT * FROM stock LIMIT 20 {"params":null,"types":null} []
[2025-08-10T08:28:47.075417+00:00] log.DEBUG: SELECT * FROM stock LIMIT 20 {"params":null,"types":null,"executionMS":0.0010318756103515625} []
[2025-08-10T08:28:49.449247+00:00] log.DEBUG: CORS analysis for request started. [] []
[2025-08-10T08:28:49.457077+00:00] log.INFO: Request is not CORS (request origin is empty). [] []
[2025-08-10T08:28:49.459178+00:00] log.DEBUG: CORS analysis for request completed. [] []
[2025-08-10T08:28:49.746399+00:00] log.DEBUG: Executing query: SELECT COUNT(*) FROM socios {"params":null,"types":null} []
[2025-08-10T08:28:49.752903+00:00] log.DEBUG: SELECT COUNT(*) FROM socios {"params":null,"types":null,"executionMS":0.006333112716674805} []
[2025-08-10T08:28:49.754409+00:00] log.DEBUG: Executing query: SELECT * FROM socios LIMIT 20 {"params":null,"types":null} []
[2025-08-10T08:28:49.756701+00:00] log.DEBUG: SELECT * FROM socios LIMIT 20 {"params":null,"types":null,"executionMS":0.001500844955444336} []
[2025-08-10T08:28:52.432906+00:00] log.DEBUG: CORS analysis for request started. [] []
[2025-08-10T08:28:52.441877+00:00] log.INFO: Request is not CORS (request origin is empty). [] []
[2025-08-10T08:28:52.442553+00:00] log.DEBUG: CORS analysis for request completed. [] []
[2025-08-10T08:28:52.526835+00:00] log.DEBUG: Executing query: SELECT COUNT(*) FROM proveedores {"params":null,"types":null} []
[2025-08-10T08:28:52.528986+00:00] log.DEBUG: SELECT COUNT(*) FROM proveedores {"params":null,"types":null,"executionMS":0.002148151397705078} []
[2025-08-10T08:28:52.532802+00:00] log.DEBUG: Executing query: SELECT * FROM proveedores LIMIT 20 {"params":null,"types":null} []
[2025-08-10T08:28:52.533570+00:00] log.DEBUG: SELECT * FROM proveedores LIMIT 20 {"params":null,"types":null,"executionMS":0.0007638931274414062} []
[2025-08-10T08:28:54.059297+00:00] log.DEBUG: CORS analysis for request started. [] []
[2025-08-10T08:28:54.062478+00:00] log.INFO: Request is not CORS (request origin is empty). [] []
[2025-08-10T08:28:54.063032+00:00] log.DEBUG: CORS analysis for request completed. [] []
[2025-08-10T08:28:54.365242+00:00] log.DEBUG: Executing query: SHOW TABLE STATUS WHERE Engine = 'MyISAM' AND Name = 'pagos_socios' {"params":null,"types":null} []
[2025-08-10T08:28:54.369505+00:00] log.DEBUG: SHOW TABLE STATUS WHERE Engine = 'MyISAM' AND Name = 'pagos_socios' {"params":null,"types":null,"executionMS":0.003749847412109375} []
[2025-08-10T08:28:54.439188+00:00] log.DEBUG: Executing query: SELECT COUNT(*) FROM pagos_socios {"params":null,"types":null} []
[2025-08-10T08:28:54.441910+00:00] log.DEBUG: SELECT COUNT(*) FROM pagos_socios {"params":null,"types":null,"executionMS":0.0026900768280029297} []
[2025-08-10T08:28:54.444762+00:00] log.DEBUG: Executing query: SELECT * FROM pagos_socios LIMIT 20 {"params":null,"types":null} []
[2025-08-10T08:28:54.448143+00:00] log.DEBUG: SELECT * FROM pagos_socios LIMIT 20 {"params":null,"types":null,"executionMS":0.0033469200134277344} []
