[2025-08-20T14:48:30.811395+00:00] log.DEBUG: CORS analysis for request started. [] []
[2025-08-20T14:48:31.119711+00:00] log.INFO: Request is not CORS (request origin is empty). [] []
[2025-08-20T14:48:31.280347+00:00] log.DEBUG: CORS analysis for request completed. [] []
[2025-08-20T14:48:53.766729+00:00] log.DEBUG: Checking for authenticator support. {"firewall_name":"main","authenticators":1} []
[2025-08-20T14:48:53.766865+00:00] log.DEBUG: Checking support on authenticator. {"firewall_name":"main","authenticator":"Symfony\\Component\\Security\\Http\\Authenticator\\Debug\\TraceableAuthenticator"} []
[2025-08-20T14:48:53.767503+00:00] log.DEBUG: Authenticator does not support the request. {"firewall_name":"main","authenticator":"Symfony\\Component\\Security\\Http\\Authenticator\\Debug\\TraceableAuthenticator"} []
[2025-08-20T14:48:56.083582+00:00] log.DEBUG: CORS analysis for request started. [] []
[2025-08-20T14:48:56.089793+00:00] log.INFO: Request is not CORS (request origin is empty). [] []
[2025-08-20T14:48:56.090193+00:00] log.DEBUG: CORS analysis for request completed. [] []
[2025-08-20T14:48:56.328847+00:00] log.DEBUG: Checking for authenticator support. {"firewall_name":"main","authenticators":1} []
[2025-08-20T14:48:56.328952+00:00] log.DEBUG: Checking support on authenticator. {"firewall_name":"main","authenticator":"Symfony\\Component\\Security\\Http\\Authenticator\\Debug\\TraceableAuthenticator"} []
[2025-08-20T14:48:56.329008+00:00] log.DEBUG: Authenticator does not support the request. {"firewall_name":"main","authenticator":"Symfony\\Component\\Security\\Http\\Authenticator\\Debug\\TraceableAuthenticator"} []
[2025-08-20T14:48:58.776165+00:00] log.DEBUG: Executing query: SHOW TABLE STATUS WHERE Engine = 'MyISAM' AND Name = 'socios' {"params":null,"types":null} []
[2025-08-20T14:48:58.784868+00:00] log.DEBUG: SHOW TABLE STATUS WHERE Engine = 'MyISAM' AND Name = 'socios' {"params":null,"types":null,"executionMS":0.008690834045410156} []
[2025-08-20T14:50:03.754854+00:00] log.DEBUG: CORS analysis for request started. [] []
[2025-08-20T14:50:03.762650+00:00] log.DEBUG: Request is identified as an actual CORS request. [] []
[2025-08-20T14:50:03.846918+00:00] log.DEBUG: CORS analysis for request completed. [] []
[2025-08-20T14:50:04.238573+00:00] log.DEBUG: Checking for authenticator support. {"firewall_name":"main","authenticators":1} []
[2025-08-20T14:50:04.238678+00:00] log.DEBUG: Checking support on authenticator. {"firewall_name":"main","authenticator":"Symfony\\Component\\Security\\Http\\Authenticator\\Debug\\TraceableAuthenticator"} []
[2025-08-20T14:50:10.873489+00:00] log.DEBUG: Executing query: SELECT t0.id AS id_1, t0.cooperativa_id AS cooperativa_id_2, t0.nombre_completo AS nombre_completo_3, t0.cedula AS cedula_4, t0.telefono AS telefono_5, t0.email AS email_6, t0.fecha_ingreso AS fecha_ingreso_7, t0.activo AS activo_8, t0.created_at AS created_at_9, t0.`contraseña` AS contrasea_10 FROM socios t0 WHERE t0.cedula = ? LIMIT 1 {"params":{"1":"admin"},"types":{"1":{"Doctrine\\DBAL\\ParameterType":0}}} []
[2025-08-20T14:50:11.165888+00:00] log.DEBUG: SELECT t0.id AS id_1, t0.cooperativa_id AS cooperativa_id_2, t0.nombre_completo AS nombre_completo_3, t0.cedula AS cedula_4, t0.telefono AS telefono_5, t0.email AS email_6, t0.fecha_ingreso AS fecha_ingreso_7, t0.activo AS activo_8, t0.created_at AS created_at_9, t0.`contraseña` AS contrasea_10 FROM socios t0 WHERE t0.cedula = ? LIMIT 1 {"params":{"1":"admin"},"types":{"1":{"Doctrine\\DBAL\\ParameterType":0}},"executionMS":0.30303406715393066} []
[2025-08-20T14:50:16.763105+00:00] log.INFO: Authenticator successful! {"token":{"Symfony\\Component\\Security\\Core\\Authentication\\Token\\UsernamePasswordToken":"UsernamePasswordToken(user=\"admin\", roles=\"ROLE_SUPER_ADMIN\")"},"authenticator":"Symfony\\Component\\Security\\Http\\Authenticator\\FormLoginAuthenticator"} []
[2025-08-20T14:50:17.003927+00:00] log.DEBUG: The "{authenticator}" authenticator set the response. Any later authenticator will not be called {"authenticator":"Symfony\\Component\\Security\\Http\\Authenticator\\FormLoginAuthenticator"} []
[2025-08-20T14:50:17.004448+00:00] log.DEBUG: Stored the security token in the session. {"key":"_security_main"} []
[2025-08-20T14:50:23.246309+00:00] log.DEBUG: CORS analysis for request started. [] []
[2025-08-20T14:50:23.253792+00:00] log.INFO: Request is not CORS (request origin is empty). [] []
[2025-08-20T14:50:23.257029+00:00] log.DEBUG: CORS analysis for request completed. [] []
[2025-08-20T14:50:23.798161+00:00] log.DEBUG: Read existing security token from the session. {"key":"_security_main","token_class":"Symfony\\Component\\Security\\Core\\Authentication\\Token\\UsernamePasswordToken"} []
[2025-08-20T14:50:23.804799+00:00] log.DEBUG: User was reloaded from a user provider. {"provider":"Symfony\\Component\\Security\\Core\\User\\InMemoryUserProvider","username":"admin"} []
[2025-08-20T14:50:23.804962+00:00] log.DEBUG: Checking for authenticator support. {"firewall_name":"main","authenticators":1} []
[2025-08-20T14:50:23.805026+00:00] log.DEBUG: Checking support on authenticator. {"firewall_name":"main","authenticator":"Symfony\\Component\\Security\\Http\\Authenticator\\Debug\\TraceableAuthenticator"} []
[2025-08-20T14:50:23.805084+00:00] log.DEBUG: Authenticator does not support the request. {"firewall_name":"main","authenticator":"Symfony\\Component\\Security\\Http\\Authenticator\\Debug\\TraceableAuthenticator"} []
[2025-08-20T14:50:24.198500+00:00] log.DEBUG: CORS analysis for request started. [] []
[2025-08-20T14:50:24.201224+00:00] log.INFO: Request is not CORS (request origin is empty). [] []
[2025-08-20T14:50:24.201768+00:00] log.DEBUG: CORS analysis for request completed. [] []
[2025-08-20T14:50:24.701148+00:00] log.DEBUG: Read existing security token from the session. {"key":"_security_main","token_class":"Symfony\\Component\\Security\\Core\\Authentication\\Token\\UsernamePasswordToken"} []
[2025-08-20T14:50:24.702077+00:00] log.DEBUG: User was reloaded from a user provider. {"provider":"Symfony\\Component\\Security\\Core\\User\\InMemoryUserProvider","username":"admin"} []
[2025-08-20T14:50:24.702192+00:00] log.DEBUG: Checking for authenticator support. {"firewall_name":"main","authenticators":1} []
[2025-08-20T14:50:24.702242+00:00] log.DEBUG: Checking support on authenticator. {"firewall_name":"main","authenticator":"Symfony\\Component\\Security\\Http\\Authenticator\\Debug\\TraceableAuthenticator"} []
[2025-08-20T14:50:24.702293+00:00] log.DEBUG: Authenticator does not support the request. {"firewall_name":"main","authenticator":"Symfony\\Component\\Security\\Http\\Authenticator\\Debug\\TraceableAuthenticator"} []
[2025-08-20T14:50:24.785723+00:00] log.DEBUG: Executing query: SHOW TABLE STATUS WHERE Engine = 'MyISAM' AND Name = 'aportes_legales' {"params":null,"types":null} []
[2025-08-20T14:50:24.809099+00:00] log.DEBUG: SHOW TABLE STATUS WHERE Engine = 'MyISAM' AND Name = 'aportes_legales' {"params":null,"types":null,"executionMS":0.023360013961791992} []
[2025-08-20T14:50:26.058270+00:00] log.DEBUG: Executing query: SELECT COUNT(*) FROM aportes_legales {"params":null,"types":null} []
[2025-08-20T14:50:26.061355+00:00] log.DEBUG: SELECT COUNT(*) FROM aportes_legales {"params":null,"types":null,"executionMS":0.003077983856201172} []
[2025-08-20T14:50:26.062210+00:00] log.DEBUG: Executing query: SELECT * FROM aportes_legales LIMIT 20 {"params":null,"types":null} []
[2025-08-20T14:50:26.064727+00:00] log.DEBUG: SELECT * FROM aportes_legales LIMIT 20 {"params":null,"types":null,"executionMS":0.0025000572204589844} []
[2025-08-20T14:51:02.547235+00:00] log.DEBUG: CORS analysis for request started. [] []
[2025-08-20T14:51:02.549333+00:00] log.INFO: Request is not CORS (request origin is empty). [] []
[2025-08-20T14:51:02.549783+00:00] log.DEBUG: CORS analysis for request completed. [] []
[2025-08-20T14:51:03.011407+00:00] log.DEBUG: Read existing security token from the session. {"key":"_security_main","token_class":"Symfony\\Component\\Security\\Core\\Authentication\\Token\\UsernamePasswordToken"} []
[2025-08-20T14:51:03.012591+00:00] log.DEBUG: User was reloaded from a user provider. {"provider":"Symfony\\Component\\Security\\Core\\User\\InMemoryUserProvider","username":"admin"} []
[2025-08-20T14:51:03.012767+00:00] log.DEBUG: Checking for authenticator support. {"firewall_name":"main","authenticators":1} []
[2025-08-20T14:51:03.012824+00:00] log.DEBUG: Checking support on authenticator. {"firewall_name":"main","authenticator":"Symfony\\Component\\Security\\Http\\Authenticator\\Debug\\TraceableAuthenticator"} []
[2025-08-20T14:51:03.013613+00:00] log.DEBUG: Authenticator does not support the request. {"firewall_name":"main","authenticator":"Symfony\\Component\\Security\\Http\\Authenticator\\Debug\\TraceableAuthenticator"} []
[2025-08-20T14:51:03.171037+00:00] log.DEBUG: Executing query: SHOW TABLE STATUS WHERE Engine = 'MyISAM' AND Name = 'cooperativas' {"params":null,"types":null} []
[2025-08-20T14:51:03.404424+00:00] log.DEBUG: SHOW TABLE STATUS WHERE Engine = 'MyISAM' AND Name = 'cooperativas' {"params":null,"types":null,"executionMS":0.23337697982788086} []
[2025-08-20T14:51:03.557555+00:00] log.DEBUG: Executing query: SELECT COUNT(*) FROM cooperativas {"params":null,"types":null} []
[2025-08-20T14:51:03.558434+00:00] log.DEBUG: SELECT COUNT(*) FROM cooperativas {"params":null,"types":null,"executionMS":0.0008721351623535156} []
[2025-08-20T14:51:03.558792+00:00] log.DEBUG: Executing query: SELECT * FROM cooperativas LIMIT 20 {"params":null,"types":null} []
[2025-08-20T14:51:03.559289+00:00] log.DEBUG: SELECT * FROM cooperativas LIMIT 20 {"params":null,"types":null,"executionMS":0.0004870891571044922} []
[2025-08-20T14:51:09.116744+00:00] log.DEBUG: CORS analysis for request started. [] []
[2025-08-20T14:51:09.124678+00:00] log.INFO: Request is not CORS (request origin is empty). [] []
[2025-08-20T14:51:09.125065+00:00] log.DEBUG: CORS analysis for request completed. [] []
[2025-08-20T14:51:09.360879+00:00] log.DEBUG: Read existing security token from the session. {"key":"_security_main","token_class":"Symfony\\Component\\Security\\Core\\Authentication\\Token\\UsernamePasswordToken"} []
[2025-08-20T14:51:09.361670+00:00] log.DEBUG: User was reloaded from a user provider. {"provider":"Symfony\\Component\\Security\\Core\\User\\InMemoryUserProvider","username":"admin"} []
[2025-08-20T14:51:09.361771+00:00] log.DEBUG: Checking for authenticator support. {"firewall_name":"main","authenticators":1} []
[2025-08-20T14:51:09.361820+00:00] log.DEBUG: Checking support on authenticator. {"firewall_name":"main","authenticator":"Symfony\\Component\\Security\\Http\\Authenticator\\Debug\\TraceableAuthenticator"} []
[2025-08-20T14:51:09.361873+00:00] log.DEBUG: Authenticator does not support the request. {"firewall_name":"main","authenticator":"Symfony\\Component\\Security\\Http\\Authenticator\\Debug\\TraceableAuthenticator"} []
[2025-08-20T14:51:09.739526+00:00] log.DEBUG: Executing query: SELECT COUNT(*) FROM socios {"params":null,"types":null} []
[2025-08-20T14:51:09.761823+00:00] log.DEBUG: SELECT COUNT(*) FROM socios {"params":null,"types":null,"executionMS":0.022276878356933594} []
[2025-08-20T14:51:09.767913+00:00] log.DEBUG: Executing query: SELECT * FROM socios LIMIT 20 {"params":null,"types":null} []
[2025-08-20T14:51:09.774243+00:00] log.DEBUG: SELECT * FROM socios LIMIT 20 {"params":null,"types":null,"executionMS":0.005219936370849609} []
[2025-08-20T14:51:11.378640+00:00] log.DEBUG: CORS analysis for request started. [] []
[2025-08-20T14:51:11.381462+00:00] log.INFO: Request is not CORS (request origin is empty). [] []
[2025-08-20T14:51:11.384024+00:00] log.DEBUG: CORS analysis for request completed. [] []
[2025-08-20T14:51:11.805561+00:00] log.DEBUG: Read existing security token from the session. {"key":"_security_main","token_class":"Symfony\\Component\\Security\\Core\\Authentication\\Token\\UsernamePasswordToken"} []
[2025-08-20T14:51:11.809698+00:00] log.DEBUG: User was reloaded from a user provider. {"provider":"Symfony\\Component\\Security\\Core\\User\\InMemoryUserProvider","username":"admin"} []
[2025-08-20T14:51:11.809823+00:00] log.DEBUG: Checking for authenticator support. {"firewall_name":"main","authenticators":1} []
[2025-08-20T14:51:11.810148+00:00] log.DEBUG: Checking support on authenticator. {"firewall_name":"main","authenticator":"Symfony\\Component\\Security\\Http\\Authenticator\\Debug\\TraceableAuthenticator"} []
[2025-08-20T14:51:11.810217+00:00] log.DEBUG: Authenticator does not support the request. {"firewall_name":"main","authenticator":"Symfony\\Component\\Security\\Http\\Authenticator\\Debug\\TraceableAuthenticator"} []
[2025-08-20T14:51:11.961259+00:00] log.DEBUG: Executing query: SELECT COUNT(*) FROM socios {"params":null,"types":null} []
[2025-08-20T14:51:11.963369+00:00] log.DEBUG: SELECT COUNT(*) FROM socios {"params":null,"types":null,"executionMS":0.00209808349609375} []
[2025-08-20T14:51:11.964427+00:00] log.DEBUG: Executing query: SELECT * FROM socios LIMIT 20 {"params":null,"types":null} []
[2025-08-20T14:51:11.965071+00:00] log.DEBUG: SELECT * FROM socios LIMIT 20 {"params":null,"types":null,"executionMS":0.0006361007690429688} []
[2025-08-20T14:51:15.909513+00:00] log.DEBUG: CORS analysis for request started. [] []
[2025-08-20T14:51:15.914935+00:00] log.INFO: Request is not CORS (request origin is empty). [] []
[2025-08-20T14:51:15.918452+00:00] log.DEBUG: CORS analysis for request completed. [] []
[2025-08-20T14:51:16.283043+00:00] log.DEBUG: Read existing security token from the session. {"key":"_security_main","token_class":"Symfony\\Component\\Security\\Core\\Authentication\\Token\\UsernamePasswordToken"} []
[2025-08-20T14:51:16.283939+00:00] log.DEBUG: User was reloaded from a user provider. {"provider":"Symfony\\Component\\Security\\Core\\User\\InMemoryUserProvider","username":"admin"} []
[2025-08-20T14:51:16.284029+00:00] log.DEBUG: Checking for authenticator support. {"firewall_name":"main","authenticators":1} []
[2025-08-20T14:51:16.284074+00:00] log.DEBUG: Checking support on authenticator. {"firewall_name":"main","authenticator":"Symfony\\Component\\Security\\Http\\Authenticator\\Debug\\TraceableAuthenticator"} []
[2025-08-20T14:51:16.284123+00:00] log.DEBUG: Authenticator does not support the request. {"firewall_name":"main","authenticator":"Symfony\\Component\\Security\\Http\\Authenticator\\Debug\\TraceableAuthenticator"} []
[2025-08-20T14:51:16.426057+00:00] log.DEBUG: Executing query: SHOW TABLE STATUS WHERE Engine = 'MyISAM' AND Name = 'proveedores' {"params":null,"types":null} []
[2025-08-20T14:51:16.434953+00:00] log.DEBUG: SHOW TABLE STATUS WHERE Engine = 'MyISAM' AND Name = 'proveedores' {"params":null,"types":null,"executionMS":0.008881807327270508} []
[2025-08-20T14:51:16.727330+00:00] log.DEBUG: Executing query: SELECT COUNT(*) FROM proveedores {"params":null,"types":null} []
[2025-08-20T14:51:16.729230+00:00] log.DEBUG: SELECT COUNT(*) FROM proveedores {"params":null,"types":null,"executionMS":0.0018901824951171875} []
[2025-08-20T14:51:16.729595+00:00] log.DEBUG: Executing query: SELECT * FROM proveedores LIMIT 20 {"params":null,"types":null} []
[2025-08-20T14:51:16.730271+00:00] log.DEBUG: SELECT * FROM proveedores LIMIT 20 {"params":null,"types":null,"executionMS":0.0006639957427978516} []
[2025-08-20T14:51:23.786593+00:00] log.DEBUG: CORS analysis for request started. [] []
[2025-08-20T14:51:23.809461+00:00] log.INFO: Request is not CORS (request origin is empty). [] []
[2025-08-20T14:51:23.890572+00:00] log.DEBUG: CORS analysis for request completed. [] []
[2025-08-20T14:51:25.306648+00:00] log.DEBUG: Read existing security token from the session. {"key":"_security_main","token_class":"Symfony\\Component\\Security\\Core\\Authentication\\Token\\UsernamePasswordToken"} []
[2025-08-20T14:51:25.308391+00:00] log.DEBUG: User was reloaded from a user provider. {"provider":"Symfony\\Component\\Security\\Core\\User\\InMemoryUserProvider","username":"admin"} []
[2025-08-20T14:51:25.315350+00:00] log.DEBUG: Checking for authenticator support. {"firewall_name":"main","authenticators":1} []
[2025-08-20T14:51:25.315418+00:00] log.DEBUG: Checking support on authenticator. {"firewall_name":"main","authenticator":"Symfony\\Component\\Security\\Http\\Authenticator\\Debug\\TraceableAuthenticator"} []
[2025-08-20T14:51:25.315554+00:00] log.DEBUG: Authenticator does not support the request. {"firewall_name":"main","authenticator":"Symfony\\Component\\Security\\Http\\Authenticator\\Debug\\TraceableAuthenticator"} []
[2025-08-20T14:51:25.549461+00:00] log.DEBUG: Executing query: SHOW TABLE STATUS WHERE Engine = 'MyISAM' AND Name = 'actividad_log' {"params":null,"types":null} []
[2025-08-20T14:51:25.555974+00:00] log.DEBUG: SHOW TABLE STATUS WHERE Engine = 'MyISAM' AND Name = 'actividad_log' {"params":null,"types":null,"executionMS":0.006504058837890625} []
[2025-08-20T14:51:26.049867+00:00] log.DEBUG: Executing query: SELECT COUNT(*) FROM actividad_log {"params":null,"types":null} []
[2025-08-20T14:51:26.056621+00:00] log.DEBUG: SELECT COUNT(*) FROM actividad_log {"params":null,"types":null,"executionMS":0.00674891471862793} []
[2025-08-20T14:51:26.225862+00:00] log.DEBUG: Executing query: SELECT * FROM actividad_log LIMIT 20 {"params":null,"types":null} []
[2025-08-20T14:51:26.316270+00:00] log.DEBUG: SELECT * FROM actividad_log LIMIT 20 {"params":null,"types":null,"executionMS":0.09038305282592773} []
[2025-08-20T14:51:29.948856+00:00] log.DEBUG: CORS analysis for request started. [] []
[2025-08-20T14:51:29.954863+00:00] log.INFO: Request is not CORS (request origin is empty). [] []
[2025-08-20T14:51:29.956834+00:00] log.DEBUG: CORS analysis for request completed. [] []
[2025-08-20T14:51:30.323921+00:00] log.DEBUG: Read existing security token from the session. {"key":"_security_main","token_class":"Symfony\\Component\\Security\\Core\\Authentication\\Token\\UsernamePasswordToken"} []
[2025-08-20T14:51:30.325406+00:00] log.DEBUG: User was reloaded from a user provider. {"provider":"Symfony\\Component\\Security\\Core\\User\\InMemoryUserProvider","username":"admin"} []
[2025-08-20T14:51:30.325698+00:00] log.DEBUG: Checking for authenticator support. {"firewall_name":"main","authenticators":1} []
[2025-08-20T14:51:30.325748+00:00] log.DEBUG: Checking support on authenticator. {"firewall_name":"main","authenticator":"Symfony\\Component\\Security\\Http\\Authenticator\\Debug\\TraceableAuthenticator"} []
[2025-08-20T14:51:30.325800+00:00] log.DEBUG: Authenticator does not support the request. {"firewall_name":"main","authenticator":"Symfony\\Component\\Security\\Http\\Authenticator\\Debug\\TraceableAuthenticator"} []
[2025-08-20T14:51:35.623110+00:00] log.DEBUG: CORS analysis for request started. [] []
[2025-08-20T14:51:35.629755+00:00] log.INFO: Request is not CORS (request origin is empty). [] []
[2025-08-20T14:51:35.630261+00:00] log.DEBUG: CORS analysis for request completed. [] []
[2025-08-20T14:51:36.429558+00:00] log.DEBUG: Read existing security token from the session. {"key":"_security_main","token_class":"Symfony\\Component\\Security\\Core\\Authentication\\Token\\UsernamePasswordToken"} []
[2025-08-20T14:51:36.430273+00:00] log.DEBUG: User was reloaded from a user provider. {"provider":"Symfony\\Component\\Security\\Core\\User\\InMemoryUserProvider","username":"admin"} []
[2025-08-20T14:51:36.430373+00:00] log.DEBUG: Checking for authenticator support. {"firewall_name":"main","authenticators":1} []
[2025-08-20T14:51:36.430419+00:00] log.DEBUG: Checking support on authenticator. {"firewall_name":"main","authenticator":"Symfony\\Component\\Security\\Http\\Authenticator\\Debug\\TraceableAuthenticator"} []
[2025-08-20T14:51:36.430468+00:00] log.DEBUG: Authenticator does not support the request. {"firewall_name":"main","authenticator":"Symfony\\Component\\Security\\Http\\Authenticator\\Debug\\TraceableAuthenticator"} []
[2025-08-20T14:51:36.967398+00:00] log.DEBUG: Executing query: SELECT COUNT(*) FROM actividad_log {"params":null,"types":null} []
[2025-08-20T14:51:36.968089+00:00] log.DEBUG: SELECT COUNT(*) FROM actividad_log {"params":null,"types":null,"executionMS":0.0006949901580810547} []
[2025-08-20T14:51:36.969932+00:00] log.DEBUG: Executing query: SELECT * FROM actividad_log LIMIT 20 {"params":null,"types":null} []
[2025-08-20T14:51:36.970549+00:00] log.DEBUG: SELECT * FROM actividad_log LIMIT 20 {"params":null,"types":null,"executionMS":0.0006129741668701172} []
[2025-08-20T21:00:53.349757+00:00] log.DEBUG: CORS analysis for request started. [] []
[2025-08-20T21:00:53.375381+00:00] log.INFO: Request is not CORS (request origin is empty). [] []
[2025-08-20T21:00:53.383572+00:00] log.DEBUG: CORS analysis for request completed. [] []
[2025-08-20T21:00:55.030310+00:00] log.DEBUG: Read existing security token from the session. {"key":"_security_main","token_class":"Symfony\\Component\\Security\\Core\\Authentication\\Token\\UsernamePasswordToken"} []
[2025-08-20T21:00:55.036656+00:00] log.DEBUG: User was reloaded from a user provider. {"provider":"Symfony\\Component\\Security\\Core\\User\\InMemoryUserProvider","username":"admin"} []
[2025-08-20T21:00:55.036781+00:00] log.DEBUG: Checking for authenticator support. {"firewall_name":"main","authenticators":1} []
[2025-08-20T21:00:55.036826+00:00] log.DEBUG: Checking support on authenticator. {"firewall_name":"main","authenticator":"Symfony\\Component\\Security\\Http\\Authenticator\\Debug\\TraceableAuthenticator"} []
[2025-08-20T21:00:55.036878+00:00] log.DEBUG: Authenticator does not support the request. {"firewall_name":"main","authenticator":"Symfony\\Component\\Security\\Http\\Authenticator\\Debug\\TraceableAuthenticator"} []
[2025-08-20T21:00:55.508984+00:00] log.DEBUG: CORS analysis for request started. [] []
[2025-08-20T21:00:55.514480+00:00] log.INFO: Request is not CORS (request origin is empty). [] []
[2025-08-20T21:00:55.515444+00:00] log.DEBUG: CORS analysis for request completed. [] []
[2025-08-20T21:00:55.875640+00:00] log.DEBUG: Read existing security token from the session. {"key":"_security_main","token_class":"Symfony\\Component\\Security\\Core\\Authentication\\Token\\UsernamePasswordToken"} []
[2025-08-20T21:00:55.877463+00:00] log.DEBUG: User was reloaded from a user provider. {"provider":"Symfony\\Component\\Security\\Core\\User\\InMemoryUserProvider","username":"admin"} []
[2025-08-20T21:00:55.877582+00:00] log.DEBUG: Checking for authenticator support. {"firewall_name":"main","authenticators":1} []
[2025-08-20T21:00:55.877862+00:00] log.DEBUG: Checking support on authenticator. {"firewall_name":"main","authenticator":"Symfony\\Component\\Security\\Http\\Authenticator\\Debug\\TraceableAuthenticator"} []
[2025-08-20T21:00:55.877951+00:00] log.DEBUG: Authenticator does not support the request. {"firewall_name":"main","authenticator":"Symfony\\Component\\Security\\Http\\Authenticator\\Debug\\TraceableAuthenticator"} []
[2025-08-20T21:00:56.372634+00:00] log.DEBUG: Executing query: SELECT COUNT(*) FROM aportes_legales {"params":null,"types":null} []
[2025-08-20T21:00:56.373985+00:00] log.DEBUG: SELECT COUNT(*) FROM aportes_legales {"params":null,"types":null,"executionMS":0.001352071762084961} []
[2025-08-20T21:00:56.377079+00:00] log.DEBUG: Executing query: SELECT * FROM aportes_legales LIMIT 20 {"params":null,"types":null} []
[2025-08-20T21:00:56.378058+00:00] log.DEBUG: SELECT * FROM aportes_legales LIMIT 20 {"params":null,"types":null,"executionMS":0.0009739398956298828} []
[2025-08-20T21:01:05.095247+00:00] log.DEBUG: CORS analysis for request started. [] []
[2025-08-20T21:01:05.097499+00:00] log.INFO: Request is not CORS (request origin is empty). [] []
[2025-08-20T21:01:05.098033+00:00] log.DEBUG: CORS analysis for request completed. [] []
[2025-08-20T21:01:05.665181+00:00] log.DEBUG: Read existing security token from the session. {"key":"_security_main","token_class":"Symfony\\Component\\Security\\Core\\Authentication\\Token\\UsernamePasswordToken"} []
[2025-08-20T21:01:05.666279+00:00] log.DEBUG: User was reloaded from a user provider. {"provider":"Symfony\\Component\\Security\\Core\\User\\InMemoryUserProvider","username":"admin"} []
[2025-08-20T21:01:05.666376+00:00] log.DEBUG: Checking for authenticator support. {"firewall_name":"main","authenticators":1} []
[2025-08-20T21:01:05.666423+00:00] log.DEBUG: Checking support on authenticator. {"firewall_name":"main","authenticator":"Symfony\\Component\\Security\\Http\\Authenticator\\Debug\\TraceableAuthenticator"} []
[2025-08-20T21:01:05.666647+00:00] log.DEBUG: Authenticator does not support the request. {"firewall_name":"main","authenticator":"Symfony\\Component\\Security\\Http\\Authenticator\\Debug\\TraceableAuthenticator"} []
[2025-08-20T21:01:05.785063+00:00] log.DEBUG: Executing query: SELECT COUNT(*) FROM cooperativas {"params":null,"types":null} []
[2025-08-20T21:01:05.785714+00:00] log.DEBUG: SELECT COUNT(*) FROM cooperativas {"params":null,"types":null,"executionMS":0.0006520748138427734} []
[2025-08-20T21:01:05.787255+00:00] log.DEBUG: Executing query: SELECT * FROM cooperativas LIMIT 20 {"params":null,"types":null} []
[2025-08-20T21:01:05.787838+00:00] log.DEBUG: SELECT * FROM cooperativas LIMIT 20 {"params":null,"types":null,"executionMS":0.0005979537963867188} []
[2025-08-20T21:01:09.807129+00:00] log.DEBUG: CORS analysis for request started. [] []
[2025-08-20T21:01:09.809036+00:00] log.INFO: Request is not CORS (request origin is empty). [] []
[2025-08-20T21:01:09.809467+00:00] log.DEBUG: CORS analysis for request completed. [] []
[2025-08-20T21:01:10.255430+00:00] log.DEBUG: Read existing security token from the session. {"key":"_security_main","token_class":"Symfony\\Component\\Security\\Core\\Authentication\\Token\\UsernamePasswordToken"} []
[2025-08-20T21:01:10.256980+00:00] log.DEBUG: User was reloaded from a user provider. {"provider":"Symfony\\Component\\Security\\Core\\User\\InMemoryUserProvider","username":"admin"} []
[2025-08-20T21:01:10.257475+00:00] log.DEBUG: Checking for authenticator support. {"firewall_name":"main","authenticators":1} []
[2025-08-20T21:01:10.257536+00:00] log.DEBUG: Checking support on authenticator. {"firewall_name":"main","authenticator":"Symfony\\Component\\Security\\Http\\Authenticator\\Debug\\TraceableAuthenticator"} []
[2025-08-20T21:01:10.257588+00:00] log.DEBUG: Authenticator does not support the request. {"firewall_name":"main","authenticator":"Symfony\\Component\\Security\\Http\\Authenticator\\Debug\\TraceableAuthenticator"} []
[2025-08-20T21:01:10.478917+00:00] log.DEBUG: Executing query: SELECT COUNT(*) FROM actividad_log {"params":null,"types":null} []
[2025-08-20T21:01:10.481276+00:00] log.DEBUG: SELECT COUNT(*) FROM actividad_log {"params":null,"types":null,"executionMS":0.002357006072998047} []
[2025-08-20T21:01:10.482770+00:00] log.DEBUG: Executing query: SELECT * FROM actividad_log LIMIT 20 {"params":null,"types":null} []
[2025-08-20T21:01:10.483408+00:00] log.DEBUG: SELECT * FROM actividad_log LIMIT 20 {"params":null,"types":null,"executionMS":0.0006351470947265625} []
[2025-08-20T21:01:12.823293+00:00] log.DEBUG: CORS analysis for request started. [] []
[2025-08-20T21:01:12.826572+00:00] log.INFO: Request is not CORS (request origin is empty). [] []
[2025-08-20T21:01:12.827485+00:00] log.DEBUG: CORS analysis for request completed. [] []
[2025-08-20T21:01:13.153077+00:00] log.DEBUG: Read existing security token from the session. {"key":"_security_main","token_class":"Symfony\\Component\\Security\\Core\\Authentication\\Token\\UsernamePasswordToken"} []
[2025-08-20T21:01:13.153904+00:00] log.DEBUG: User was reloaded from a user provider. {"provider":"Symfony\\Component\\Security\\Core\\User\\InMemoryUserProvider","username":"admin"} []
[2025-08-20T21:01:13.154002+00:00] log.DEBUG: Checking for authenticator support. {"firewall_name":"main","authenticators":1} []
[2025-08-20T21:01:13.154049+00:00] log.DEBUG: Checking support on authenticator. {"firewall_name":"main","authenticator":"Symfony\\Component\\Security\\Http\\Authenticator\\Debug\\TraceableAuthenticator"} []
[2025-08-20T21:01:13.154102+00:00] log.DEBUG: Authenticator does not support the request. {"firewall_name":"main","authenticator":"Symfony\\Component\\Security\\Http\\Authenticator\\Debug\\TraceableAuthenticator"} []
[2025-08-20T21:01:15.641071+00:00] log.DEBUG: CORS analysis for request started. [] []
[2025-08-20T21:01:15.646387+00:00] log.INFO: Request is not CORS (request origin is empty). [] []
[2025-08-20T21:01:15.646872+00:00] log.DEBUG: CORS analysis for request completed. [] []
[2025-08-20T21:01:16.218316+00:00] log.DEBUG: Read existing security token from the session. {"key":"_security_main","token_class":"Symfony\\Component\\Security\\Core\\Authentication\\Token\\UsernamePasswordToken"} []
[2025-08-20T21:01:16.222642+00:00] log.DEBUG: User was reloaded from a user provider. {"provider":"Symfony\\Component\\Security\\Core\\User\\InMemoryUserProvider","username":"admin"} []
[2025-08-20T21:01:16.222759+00:00] log.DEBUG: Checking for authenticator support. {"firewall_name":"main","authenticators":1} []
[2025-08-20T21:01:16.222807+00:00] log.DEBUG: Checking support on authenticator. {"firewall_name":"main","authenticator":"Symfony\\Component\\Security\\Http\\Authenticator\\Debug\\TraceableAuthenticator"} []
[2025-08-20T21:01:16.223076+00:00] log.DEBUG: Authenticator does not support the request. {"firewall_name":"main","authenticator":"Symfony\\Component\\Security\\Http\\Authenticator\\Debug\\TraceableAuthenticator"} []
[2025-08-20T21:01:16.310970+00:00] log.DEBUG: Executing query: SELECT COUNT(*) FROM aportes_legales {"params":null,"types":null} []
[2025-08-20T21:01:16.317759+00:00] log.DEBUG: SELECT COUNT(*) FROM aportes_legales {"params":null,"types":null,"executionMS":0.006593942642211914} []
[2025-08-20T21:01:16.319262+00:00] log.DEBUG: Executing query: SELECT * FROM aportes_legales LIMIT 20 {"params":null,"types":null} []
[2025-08-20T21:01:16.321557+00:00] log.DEBUG: SELECT * FROM aportes_legales LIMIT 20 {"params":null,"types":null,"executionMS":0.002279996871948242} []
[2025-08-20T21:01:27.713523+00:00] log.DEBUG: CORS analysis for request started. [] []
[2025-08-20T21:01:27.725390+00:00] log.INFO: Request is not CORS (request origin is empty). [] []
[2025-08-20T21:01:27.727841+00:00] log.DEBUG: CORS analysis for request completed. [] []
[2025-08-20T21:01:28.332025+00:00] log.DEBUG: Read existing security token from the session. {"key":"_security_main","token_class":"Symfony\\Component\\Security\\Core\\Authentication\\Token\\UsernamePasswordToken"} []
[2025-08-20T21:01:28.332842+00:00] log.DEBUG: User was reloaded from a user provider. {"provider":"Symfony\\Component\\Security\\Core\\User\\InMemoryUserProvider","username":"admin"} []
[2025-08-20T21:01:28.332936+00:00] log.DEBUG: Checking for authenticator support. {"firewall_name":"main","authenticators":1} []
[2025-08-20T21:01:28.332983+00:00] log.DEBUG: Checking support on authenticator. {"firewall_name":"main","authenticator":"Symfony\\Component\\Security\\Http\\Authenticator\\Debug\\TraceableAuthenticator"} []
[2025-08-20T21:01:28.333033+00:00] log.DEBUG: Authenticator does not support the request. {"firewall_name":"main","authenticator":"Symfony\\Component\\Security\\Http\\Authenticator\\Debug\\TraceableAuthenticator"} []
[2025-08-20T21:01:28.432590+00:00] log.DEBUG: Executing query: SELECT COUNT(*) FROM socios {"params":null,"types":null} []
[2025-08-20T21:01:28.433570+00:00] log.DEBUG: SELECT COUNT(*) FROM socios {"params":null,"types":null,"executionMS":0.0009868144989013672} []
[2025-08-20T21:01:28.437154+00:00] log.DEBUG: Executing query: SELECT * FROM socios LIMIT 20 {"params":null,"types":null} []
[2025-08-20T21:01:28.438220+00:00] log.DEBUG: SELECT * FROM socios LIMIT 20 {"params":null,"types":null,"executionMS":0.0010631084442138672} []
[2025-08-20T21:01:36.599303+00:00] log.DEBUG: CORS analysis for request started. [] []
[2025-08-20T21:01:36.602656+00:00] log.INFO: Request is not CORS (request origin is empty). [] []
[2025-08-20T21:01:36.613270+00:00] log.DEBUG: CORS analysis for request completed. [] []
[2025-08-20T21:01:37.084293+00:00] log.DEBUG: Read existing security token from the session. {"key":"_security_main","token_class":"Symfony\\Component\\Security\\Core\\Authentication\\Token\\UsernamePasswordToken"} []
[2025-08-20T21:01:37.086279+00:00] log.DEBUG: User was reloaded from a user provider. {"provider":"Symfony\\Component\\Security\\Core\\User\\InMemoryUserProvider","username":"admin"} []
[2025-08-20T21:01:37.086393+00:00] log.DEBUG: Checking for authenticator support. {"firewall_name":"main","authenticators":1} []
[2025-08-20T21:01:37.086498+00:00] log.DEBUG: Checking support on authenticator. {"firewall_name":"main","authenticator":"Symfony\\Component\\Security\\Http\\Authenticator\\Debug\\TraceableAuthenticator"} []
[2025-08-20T21:01:37.086571+00:00] log.DEBUG: Authenticator does not support the request. {"firewall_name":"main","authenticator":"Symfony\\Component\\Security\\Http\\Authenticator\\Debug\\TraceableAuthenticator"} []
[2025-08-20T21:01:37.377770+00:00] log.DEBUG: Executing query: SELECT * FROM socios WHERE `id` = 1 {"params":null,"types":null} []
[2025-08-20T21:01:37.378741+00:00] log.DEBUG: SELECT * FROM socios WHERE `id` = 1 {"params":null,"types":null,"executionMS":0.0009779930114746094} []
[2025-08-20T21:01:47.249006+00:00] log.DEBUG: CORS analysis for request started. [] []
[2025-08-20T21:01:47.268368+00:00] log.INFO: Request is not CORS (request origin is empty). [] []
[2025-08-20T21:01:47.269704+00:00] log.DEBUG: CORS analysis for request completed. [] []
[2025-08-20T21:01:47.664253+00:00] log.DEBUG: Read existing security token from the session. {"key":"_security_main","token_class":"Symfony\\Component\\Security\\Core\\Authentication\\Token\\UsernamePasswordToken"} []
[2025-08-20T21:01:47.665455+00:00] log.DEBUG: User was reloaded from a user provider. {"provider":"Symfony\\Component\\Security\\Core\\User\\InMemoryUserProvider","username":"admin"} []
[2025-08-20T21:01:47.665732+00:00] log.DEBUG: Checking for authenticator support. {"firewall_name":"main","authenticators":1} []
[2025-08-20T21:01:47.665781+00:00] log.DEBUG: Checking support on authenticator. {"firewall_name":"main","authenticator":"Symfony\\Component\\Security\\Http\\Authenticator\\Debug\\TraceableAuthenticator"} []
[2025-08-20T21:01:47.665833+00:00] log.DEBUG: Authenticator does not support the request. {"firewall_name":"main","authenticator":"Symfony\\Component\\Security\\Http\\Authenticator\\Debug\\TraceableAuthenticator"} []
[2025-08-20T21:01:47.830777+00:00] log.DEBUG: Executing query: SELECT COUNT(*) FROM socios {"params":null,"types":null} []
[2025-08-20T21:01:47.831454+00:00] log.DEBUG: SELECT COUNT(*) FROM socios {"params":null,"types":null,"executionMS":0.0006878376007080078} []
[2025-08-20T21:01:47.833095+00:00] log.DEBUG: Executing query: SELECT * FROM socios LIMIT 20 {"params":null,"types":null} []
[2025-08-20T21:01:47.835766+00:00] log.DEBUG: SELECT * FROM socios LIMIT 20 {"params":null,"types":null,"executionMS":0.0026628971099853516} []
[2025-08-20T21:01:55.255202+00:00] log.DEBUG: CORS analysis for request started. [] []
[2025-08-20T21:01:55.271767+00:00] log.INFO: Request is not CORS (request origin is empty). [] []
[2025-08-20T21:01:55.272173+00:00] log.DEBUG: CORS analysis for request completed. [] []
[2025-08-20T21:01:55.796821+00:00] log.DEBUG: Read existing security token from the session. {"key":"_security_main","token_class":"Symfony\\Component\\Security\\Core\\Authentication\\Token\\UsernamePasswordToken"} []
[2025-08-20T21:01:55.798765+00:00] log.DEBUG: User was reloaded from a user provider. {"provider":"Symfony\\Component\\Security\\Core\\User\\InMemoryUserProvider","username":"admin"} []
[2025-08-20T21:01:55.799125+00:00] log.DEBUG: Checking for authenticator support. {"firewall_name":"main","authenticators":1} []
[2025-08-20T21:01:55.799187+00:00] log.DEBUG: Checking support on authenticator. {"firewall_name":"main","authenticator":"Symfony\\Component\\Security\\Http\\Authenticator\\Debug\\TraceableAuthenticator"} []
[2025-08-20T21:01:55.799242+00:00] log.DEBUG: Authenticator does not support the request. {"firewall_name":"main","authenticator":"Symfony\\Component\\Security\\Http\\Authenticator\\Debug\\TraceableAuthenticator"} []
[2025-08-20T21:08:45.246028+00:00] log.DEBUG: CORS analysis for request started. [] []
[2025-08-20T21:08:45.254550+00:00] log.INFO: Request is not CORS (request origin is empty). [] []
[2025-08-20T21:08:45.259564+00:00] log.DEBUG: CORS analysis for request completed. [] []
[2025-08-20T21:08:46.305529+00:00] log.DEBUG: Read existing security token from the session. {"key":"_security_main","token_class":"Symfony\\Component\\Security\\Core\\Authentication\\Token\\UsernamePasswordToken"} []
[2025-08-20T21:08:46.308072+00:00] log.DEBUG: User was reloaded from a user provider. {"provider":"Symfony\\Component\\Security\\Core\\User\\InMemoryUserProvider","username":"admin"} []
[2025-08-20T21:08:46.308208+00:00] log.DEBUG: Checking for authenticator support. {"firewall_name":"main","authenticators":1} []
[2025-08-20T21:08:46.308263+00:00] log.DEBUG: Checking support on authenticator. {"firewall_name":"main","authenticator":"Symfony\\Component\\Security\\Http\\Authenticator\\Debug\\TraceableAuthenticator"} []
[2025-08-20T21:08:46.308317+00:00] log.DEBUG: Authenticator does not support the request. {"firewall_name":"main","authenticator":"Symfony\\Component\\Security\\Http\\Authenticator\\Debug\\TraceableAuthenticator"} []
[2025-08-20T21:15:23.346933+00:00] log.DEBUG: CORS analysis for request started. [] []
[2025-08-20T21:15:23.352537+00:00] log.INFO: Request is not CORS (request origin is empty). [] []
[2025-08-20T21:15:23.353812+00:00] log.DEBUG: CORS analysis for request completed. [] []
[2025-08-20T21:15:23.901661+00:00] log.DEBUG: Read existing security token from the session. {"key":"_security_main","token_class":"Symfony\\Component\\Security\\Core\\Authentication\\Token\\UsernamePasswordToken"} []
[2025-08-20T21:15:23.902971+00:00] log.DEBUG: User was reloaded from a user provider. {"provider":"Symfony\\Component\\Security\\Core\\User\\InMemoryUserProvider","username":"admin"} []
[2025-08-20T21:15:23.903143+00:00] log.DEBUG: Checking for authenticator support. {"firewall_name":"main","authenticators":1} []
[2025-08-20T21:15:23.903279+00:00] log.DEBUG: Checking support on authenticator. {"firewall_name":"main","authenticator":"Symfony\\Component\\Security\\Http\\Authenticator\\Debug\\TraceableAuthenticator"} []
[2025-08-20T21:15:23.903423+00:00] log.DEBUG: Authenticator does not support the request. {"firewall_name":"main","authenticator":"Symfony\\Component\\Security\\Http\\Authenticator\\Debug\\TraceableAuthenticator"} []
[2025-08-20T21:15:40.043480+00:00] log.DEBUG: CORS analysis for request started. [] []
[2025-08-20T21:15:40.047386+00:00] log.INFO: Request is not CORS (request origin is empty). [] []
[2025-08-20T21:15:40.048182+00:00] log.DEBUG: CORS analysis for request completed. [] []
[2025-08-20T21:15:40.586052+00:00] log.DEBUG: Read existing security token from the session. {"key":"_security_main","token_class":"Symfony\\Component\\Security\\Core\\Authentication\\Token\\UsernamePasswordToken"} []
[2025-08-20T21:15:40.586903+00:00] log.DEBUG: User was reloaded from a user provider. {"provider":"Symfony\\Component\\Security\\Core\\User\\InMemoryUserProvider","username":"admin"} []
[2025-08-20T21:15:40.586997+00:00] log.DEBUG: Checking for authenticator support. {"firewall_name":"main","authenticators":1} []
[2025-08-20T21:15:40.587046+00:00] log.DEBUG: Checking support on authenticator. {"firewall_name":"main","authenticator":"Symfony\\Component\\Security\\Http\\Authenticator\\Debug\\TraceableAuthenticator"} []
[2025-08-20T21:15:40.587100+00:00] log.DEBUG: Authenticator does not support the request. {"firewall_name":"main","authenticator":"Symfony\\Component\\Security\\Http\\Authenticator\\Debug\\TraceableAuthenticator"} []
[2025-08-20T21:15:41.039986+00:00] log.DEBUG: CORS analysis for request started. [] []
[2025-08-20T21:15:41.043544+00:00] log.INFO: Request is not CORS (request origin is empty). [] []
[2025-08-20T21:15:41.044226+00:00] log.DEBUG: CORS analysis for request completed. [] []
[2025-08-20T21:15:41.352430+00:00] log.DEBUG: Read existing security token from the session. {"key":"_security_main","token_class":"Symfony\\Component\\Security\\Core\\Authentication\\Token\\UsernamePasswordToken"} []
[2025-08-20T21:15:41.358075+00:00] log.DEBUG: User was reloaded from a user provider. {"provider":"Symfony\\Component\\Security\\Core\\User\\InMemoryUserProvider","username":"admin"} []
[2025-08-20T21:15:41.358428+00:00] log.DEBUG: Checking for authenticator support. {"firewall_name":"main","authenticators":1} []
[2025-08-20T21:15:41.358566+00:00] log.DEBUG: Checking support on authenticator. {"firewall_name":"main","authenticator":"Symfony\\Component\\Security\\Http\\Authenticator\\Debug\\TraceableAuthenticator"} []
[2025-08-20T21:15:41.358631+00:00] log.DEBUG: Authenticator does not support the request. {"firewall_name":"main","authenticator":"Symfony\\Component\\Security\\Http\\Authenticator\\Debug\\TraceableAuthenticator"} []
[2025-08-20T21:15:41.475960+00:00] log.DEBUG: Executing query: SELECT COUNT(*) FROM aportes_legales {"params":null,"types":null} []
[2025-08-20T21:15:41.477640+00:00] log.DEBUG: SELECT COUNT(*) FROM aportes_legales {"params":null,"types":null,"executionMS":0.0016829967498779297} []
[2025-08-20T21:15:41.479266+00:00] log.DEBUG: Executing query: SELECT * FROM aportes_legales LIMIT 20 {"params":null,"types":null} []
[2025-08-20T21:15:41.480435+00:00] log.DEBUG: SELECT * FROM aportes_legales LIMIT 20 {"params":null,"types":null,"executionMS":0.0011630058288574219} []
[2025-08-20T21:18:00.975902+00:00] log.DEBUG: CORS analysis for request started. [] []
[2025-08-20T21:18:00.983488+00:00] log.INFO: Request is not CORS (request origin is empty). [] []
[2025-08-20T21:18:00.984645+00:00] log.DEBUG: CORS analysis for request completed. [] []
[2025-08-20T21:18:01.574828+00:00] log.DEBUG: Read existing security token from the session. {"key":"_security_main","token_class":"Symfony\\Component\\Security\\Core\\Authentication\\Token\\UsernamePasswordToken"} []
[2025-08-20T21:18:01.581948+00:00] log.DEBUG: User was reloaded from a user provider. {"provider":"Symfony\\Component\\Security\\Core\\User\\InMemoryUserProvider","username":"admin"} []
[2025-08-20T21:18:01.582113+00:00] log.DEBUG: Checking for authenticator support. {"firewall_name":"main","authenticators":1} []
[2025-08-20T21:18:01.582624+00:00] log.DEBUG: Checking support on authenticator. {"firewall_name":"main","authenticator":"Symfony\\Component\\Security\\Http\\Authenticator\\Debug\\TraceableAuthenticator"} []
[2025-08-20T21:18:01.582691+00:00] log.DEBUG: Authenticator does not support the request. {"firewall_name":"main","authenticator":"Symfony\\Component\\Security\\Http\\Authenticator\\Debug\\TraceableAuthenticator"} []
[2025-08-20T21:18:01.757888+00:00] log.DEBUG: Executing query: SELECT COUNT(*) FROM socios {"params":null,"types":null} []
[2025-08-20T21:18:01.772390+00:00] log.DEBUG: SELECT COUNT(*) FROM socios {"params":null,"types":null,"executionMS":0.014503002166748047} []
[2025-08-20T21:18:01.776798+00:00] log.DEBUG: Executing query: SELECT * FROM socios LIMIT 20 {"params":null,"types":null} []
[2025-08-20T21:18:01.777921+00:00] log.DEBUG: SELECT * FROM socios LIMIT 20 {"params":null,"types":null,"executionMS":0.0007090568542480469} []
[2025-08-20T21:18:05.637529+00:00] log.DEBUG: CORS analysis for request started. [] []
[2025-08-20T21:18:05.643838+00:00] log.INFO: Request is not CORS (request origin is empty). [] []
[2025-08-20T21:18:05.645063+00:00] log.DEBUG: CORS analysis for request completed. [] []
[2025-08-20T21:18:06.099511+00:00] log.DEBUG: Read existing security token from the session. {"key":"_security_main","token_class":"Symfony\\Component\\Security\\Core\\Authentication\\Token\\UsernamePasswordToken"} []
[2025-08-20T21:18:06.100823+00:00] log.DEBUG: User was reloaded from a user provider. {"provider":"Symfony\\Component\\Security\\Core\\User\\InMemoryUserProvider","username":"admin"} []
[2025-08-20T21:18:06.100930+00:00] log.DEBUG: Checking for authenticator support. {"firewall_name":"main","authenticators":1} []
[2025-08-20T21:18:06.100999+00:00] log.DEBUG: Checking support on authenticator. {"firewall_name":"main","authenticator":"Symfony\\Component\\Security\\Http\\Authenticator\\Debug\\TraceableAuthenticator"} []
[2025-08-20T21:18:06.101053+00:00] log.DEBUG: Authenticator does not support the request. {"firewall_name":"main","authenticator":"Symfony\\Component\\Security\\Http\\Authenticator\\Debug\\TraceableAuthenticator"} []
[2025-08-20T21:18:17.878924+00:00] log.DEBUG: CORS analysis for request started. [] []
[2025-08-20T21:18:17.884354+00:00] log.INFO: Request is not CORS (request origin is empty). [] []
[2025-08-20T21:18:17.889570+00:00] log.DEBUG: CORS analysis for request completed. [] []
[2025-08-20T21:18:18.372594+00:00] log.DEBUG: Read existing security token from the session. {"key":"_security_main","token_class":"Symfony\\Component\\Security\\Core\\Authentication\\Token\\UsernamePasswordToken"} []
[2025-08-20T21:18:18.373948+00:00] log.DEBUG: User was reloaded from a user provider. {"provider":"Symfony\\Component\\Security\\Core\\User\\InMemoryUserProvider","username":"admin"} []
[2025-08-20T21:18:18.374484+00:00] log.DEBUG: Checking for authenticator support. {"firewall_name":"main","authenticators":1} []
[2025-08-20T21:18:18.374552+00:00] log.DEBUG: Checking support on authenticator. {"firewall_name":"main","authenticator":"Symfony\\Component\\Security\\Http\\Authenticator\\Debug\\TraceableAuthenticator"} []
[2025-08-20T21:18:18.374610+00:00] log.DEBUG: Authenticator does not support the request. {"firewall_name":"main","authenticator":"Symfony\\Component\\Security\\Http\\Authenticator\\Debug\\TraceableAuthenticator"} []
[2025-08-20T21:18:18.543395+00:00] log.DEBUG: Executing query: SHOW TABLE STATUS WHERE Engine = 'MyISAM' AND Name = 'usuarios' {"params":null,"types":null} []
[2025-08-20T21:18:18.559590+00:00] log.DEBUG: SHOW TABLE STATUS WHERE Engine = 'MyISAM' AND Name = 'usuarios' {"params":null,"types":null,"executionMS":0.016177892684936523} []
[2025-08-20T21:18:18.789122+00:00] log.DEBUG: Executing query: SELECT COUNT(*) FROM usuarios {"params":null,"types":null} []
[2025-08-20T21:18:18.797222+00:00] log.DEBUG: SELECT COUNT(*) FROM usuarios {"params":null,"types":null,"executionMS":0.008085012435913086} []
[2025-08-20T21:18:18.797972+00:00] log.DEBUG: Executing query: SELECT * FROM usuarios LIMIT 20 {"params":null,"types":null} []
[2025-08-20T21:18:18.803453+00:00] log.DEBUG: SELECT * FROM usuarios LIMIT 20 {"params":null,"types":null,"executionMS":0.005404949188232422} []
[2025-08-20T21:18:25.002039+00:00] log.DEBUG: CORS analysis for request started. [] []
[2025-08-20T21:18:25.010236+00:00] log.INFO: Request is not CORS (request origin is empty). [] []
[2025-08-20T21:18:25.062690+00:00] log.DEBUG: CORS analysis for request completed. [] []
[2025-08-20T21:18:25.685264+00:00] log.DEBUG: Read existing security token from the session. {"key":"_security_main","token_class":"Symfony\\Component\\Security\\Core\\Authentication\\Token\\UsernamePasswordToken"} []
[2025-08-20T21:18:25.687234+00:00] log.DEBUG: User was reloaded from a user provider. {"provider":"Symfony\\Component\\Security\\Core\\User\\InMemoryUserProvider","username":"admin"} []
[2025-08-20T21:18:25.687366+00:00] log.DEBUG: Checking for authenticator support. {"firewall_name":"main","authenticators":1} []
[2025-08-20T21:18:25.687416+00:00] log.DEBUG: Checking support on authenticator. {"firewall_name":"main","authenticator":"Symfony\\Component\\Security\\Http\\Authenticator\\Debug\\TraceableAuthenticator"} []
[2025-08-20T21:18:25.687469+00:00] log.DEBUG: Authenticator does not support the request. {"firewall_name":"main","authenticator":"Symfony\\Component\\Security\\Http\\Authenticator\\Debug\\TraceableAuthenticator"} []
[2025-08-20T21:18:35.060462+00:00] log.DEBUG: CORS analysis for request started. [] []
[2025-08-20T21:18:35.065055+00:00] log.INFO: Request is not CORS (request origin is empty). [] []
[2025-08-20T21:18:35.067492+00:00] log.DEBUG: CORS analysis for request completed. [] []
[2025-08-20T21:18:35.392461+00:00] log.DEBUG: Read existing security token from the session. {"key":"_security_main","token_class":"Symfony\\Component\\Security\\Core\\Authentication\\Token\\UsernamePasswordToken"} []
[2025-08-20T21:18:35.393206+00:00] log.DEBUG: User was reloaded from a user provider. {"provider":"Symfony\\Component\\Security\\Core\\User\\InMemoryUserProvider","username":"admin"} []
[2025-08-20T21:18:35.393335+00:00] log.DEBUG: Checking for authenticator support. {"firewall_name":"main","authenticators":1} []
[2025-08-20T21:18:35.393441+00:00] log.DEBUG: Checking support on authenticator. {"firewall_name":"main","authenticator":"Symfony\\Component\\Security\\Http\\Authenticator\\Debug\\TraceableAuthenticator"} []
[2025-08-20T21:18:35.393506+00:00] log.DEBUG: Authenticator does not support the request. {"firewall_name":"main","authenticator":"Symfony\\Component\\Security\\Http\\Authenticator\\Debug\\TraceableAuthenticator"} []
[2025-08-20T21:18:35.549193+00:00] log.DEBUG: Executing query: SELECT COUNT(*) FROM socios {"params":null,"types":null} []
[2025-08-20T21:18:35.554458+00:00] log.DEBUG: SELECT COUNT(*) FROM socios {"params":null,"types":null,"executionMS":0.00545501708984375} []
[2025-08-20T21:18:35.556498+00:00] log.DEBUG: Executing query: SELECT * FROM socios LIMIT 20 {"params":null,"types":null} []
[2025-08-20T21:18:35.560006+00:00] log.DEBUG: SELECT * FROM socios LIMIT 20 {"params":null,"types":null,"executionMS":0.003498077392578125} []
[2025-08-20T21:18:40.020143+00:00] log.DEBUG: CORS analysis for request started. [] []
[2025-08-20T21:18:40.022087+00:00] log.INFO: Request is not CORS (request origin is empty). [] []
[2025-08-20T21:18:40.022489+00:00] log.DEBUG: CORS analysis for request completed. [] []
[2025-08-20T21:18:40.277506+00:00] log.DEBUG: Read existing security token from the session. {"key":"_security_main","token_class":"Symfony\\Component\\Security\\Core\\Authentication\\Token\\UsernamePasswordToken"} []
[2025-08-20T21:18:40.278555+00:00] log.DEBUG: User was reloaded from a user provider. {"provider":"Symfony\\Component\\Security\\Core\\User\\InMemoryUserProvider","username":"admin"} []
[2025-08-20T21:18:40.278704+00:00] log.DEBUG: Checking for authenticator support. {"firewall_name":"main","authenticators":1} []
[2025-08-20T21:18:40.278758+00:00] log.DEBUG: Checking support on authenticator. {"firewall_name":"main","authenticator":"Symfony\\Component\\Security\\Http\\Authenticator\\Debug\\TraceableAuthenticator"} []
[2025-08-20T21:18:40.278811+00:00] log.DEBUG: Authenticator does not support the request. {"firewall_name":"main","authenticator":"Symfony\\Component\\Security\\Http\\Authenticator\\Debug\\TraceableAuthenticator"} []
