C:\xampp\htdocs\proyect1\.htaccess
C:\xampp\htdocs\proyect1\composer.json
C:\xampp\htdocs\proyect1\controllers\ActividadLogController.php
C:\xampp\htdocs\proyect1\controllers\ApiController.php
C:\xampp\htdocs\proyect1\controllers\AportesLegalesController.php
C:\xampp\htdocs\proyect1\controllers\ComprasController.php
C:\xampp\htdocs\proyect1\controllers\ControllerBase.php
C:\xampp\htdocs\proyect1\controllers\CooperativasController.php
C:\xampp\htdocs\proyect1\controllers\HorasTrabajadasController.php
C:\xampp\htdocs\proyect1\controllers\IngresosController.php
C:\xampp\htdocs\proyect1\controllers\MovimientosStockController.php
C:\xampp\htdocs\proyect1\controllers\OthersController.php
C:\xampp\htdocs\proyect1\controllers\PagosSociosController.php
C:\xampp\htdocs\proyect1\controllers\ProveedoresController.php
C:\xampp\htdocs\proyect1\controllers\SociosController.php
C:\xampp\htdocs\proyect1\controllers\StockController.php
C:\xampp\htdocs\proyect1\controllers\UsuariosController.php
C:\xampp\htdocs\proyect1\css\ewpdf.scss
C:\xampp\htdocs\proyect1\css\project1.scss
C:\xampp\htdocs\proyect1\css\query-builder.scss
C:\xampp\htdocs\proyect1\css\tabulator_bootstrap5.scss
C:\xampp\htdocs\proyect1\css\tempus-dominus.scss
C:\xampp\htdocs\proyect1\files\index.html
C:\xampp\htdocs\proyect1\index.php
C:\xampp\htdocs\proyect1\js\userevent.js
C:\xampp\htdocs\proyect1\js\userfn.js
C:\xampp\htdocs\proyect1\log\index.html
C:\xampp\htdocs\proyect1\models\ActividadLog.php
C:\xampp\htdocs\proyect1\models\ActividadLogAdd.php
C:\xampp\htdocs\proyect1\models\ActividadLogDelete.php
C:\xampp\htdocs\proyect1\models\ActividadLogEdit.php
C:\xampp\htdocs\proyect1\models\ActividadLogList.php
C:\xampp\htdocs\proyect1\models\ActividadLogView.php
C:\xampp\htdocs\proyect1\models\AportesLegales.php
C:\xampp\htdocs\proyect1\models\AportesLegalesAdd.php
C:\xampp\htdocs\proyect1\models\AportesLegalesDelete.php
C:\xampp\htdocs\proyect1\models\AportesLegalesEdit.php
C:\xampp\htdocs\proyect1\models\AportesLegalesList.php
C:\xampp\htdocs\proyect1\models\AportesLegalesView.php
C:\xampp\htdocs\proyect1\models\ChangePassword.php
C:\xampp\htdocs\proyect1\models\Compras.php
C:\xampp\htdocs\proyect1\models\ComprasAdd.php
C:\xampp\htdocs\proyect1\models\ComprasDelete.php
C:\xampp\htdocs\proyect1\models\ComprasEdit.php
C:\xampp\htdocs\proyect1\models\ComprasList.php
C:\xampp\htdocs\proyect1\models\ComprasView.php
C:\xampp\htdocs\proyect1\models\Cooperativas.php
C:\xampp\htdocs\proyect1\models\CooperativasAdd.php
C:\xampp\htdocs\proyect1\models\CooperativasDelete.php
C:\xampp\htdocs\proyect1\models\CooperativasEdit.php
C:\xampp\htdocs\proyect1\models\CooperativasList.php
C:\xampp\htdocs\proyect1\models\CooperativasView.php
C:\xampp\htdocs\proyect1\models\HorasTrabajadas.php
C:\xampp\htdocs\proyect1\models\HorasTrabajadasAdd.php
C:\xampp\htdocs\proyect1\models\HorasTrabajadasDelete.php
C:\xampp\htdocs\proyect1\models\HorasTrabajadasEdit.php
C:\xampp\htdocs\proyect1\models\HorasTrabajadasList.php
C:\xampp\htdocs\proyect1\models\HorasTrabajadasView.php
C:\xampp\htdocs\proyect1\models\Ingresos.php
C:\xampp\htdocs\proyect1\models\IngresosAdd.php
C:\xampp\htdocs\proyect1\models\IngresosDelete.php
C:\xampp\htdocs\proyect1\models\IngresosEdit.php
C:\xampp\htdocs\proyect1\models\IngresosList.php
C:\xampp\htdocs\proyect1\models\IngresosView.php
C:\xampp\htdocs\proyect1\models\Login.php
C:\xampp\htdocs\proyect1\models\MovimientosStock.php
C:\xampp\htdocs\proyect1\models\MovimientosStockAdd.php
C:\xampp\htdocs\proyect1\models\MovimientosStockDelete.php
C:\xampp\htdocs\proyect1\models\MovimientosStockEdit.php
C:\xampp\htdocs\proyect1\models\MovimientosStockList.php
C:\xampp\htdocs\proyect1\models\MovimientosStockView.php
C:\xampp\htdocs\proyect1\models\PagosSocios.php
C:\xampp\htdocs\proyect1\models\PagosSociosAdd.php
C:\xampp\htdocs\proyect1\models\PagosSociosDelete.php
C:\xampp\htdocs\proyect1\models\PagosSociosEdit.php
C:\xampp\htdocs\proyect1\models\PagosSociosList.php
C:\xampp\htdocs\proyect1\models\PagosSociosView.php
C:\xampp\htdocs\proyect1\models\PersonalData.php
C:\xampp\htdocs\proyect1\models\Proveedores.php
C:\xampp\htdocs\proyect1\models\ProveedoresAdd.php
C:\xampp\htdocs\proyect1\models\ProveedoresDelete.php
C:\xampp\htdocs\proyect1\models\ProveedoresEdit.php
C:\xampp\htdocs\proyect1\models\ProveedoresList.php
C:\xampp\htdocs\proyect1\models\ProveedoresView.php
C:\xampp\htdocs\proyect1\models\Register.php
C:\xampp\htdocs\proyect1\models\ResetPassword.php
C:\xampp\htdocs\proyect1\models\Socios.php
C:\xampp\htdocs\proyect1\models\SociosAdd.php
C:\xampp\htdocs\proyect1\models\SociosDelete.php
C:\xampp\htdocs\proyect1\models\SociosEdit.php
C:\xampp\htdocs\proyect1\models\SociosList.php
C:\xampp\htdocs\proyect1\models\SociosView.php
C:\xampp\htdocs\proyect1\models\Stock.php
C:\xampp\htdocs\proyect1\models\StockAdd.php
C:\xampp\htdocs\proyect1\models\StockDelete.php
C:\xampp\htdocs\proyect1\models\StockEdit.php
C:\xampp\htdocs\proyect1\models\StockList.php
C:\xampp\htdocs\proyect1\models\StockView.php
C:\xampp\htdocs\proyect1\models\Usuarios.php
C:\xampp\htdocs\proyect1\models\UsuariosAdd.php
C:\xampp\htdocs\proyect1\models\UsuariosDelete.php
C:\xampp\htdocs\proyect1\models\UsuariosEdit.php
C:\xampp\htdocs\proyect1\models\UsuariosList.php
C:\xampp\htdocs\proyect1\models\UsuariosView.php
C:\xampp\htdocs\proyect1\package.json
C:\xampp\htdocs\proyect1\src\AbstractCheckCredentialsListener.php
C:\xampp\htdocs\proyect1\src\AbstractController.php
C:\xampp\htdocs\proyect1\src\AbstractEntity.php
C:\xampp\htdocs\proyect1\src\AbstractExport.php
C:\xampp\htdocs\proyect1\src\AbstractExportBase.php
C:\xampp\htdocs\proyect1\src\AbstractTwoFactorAuthentication.php
C:\xampp\htdocs\proyect1\src\AccessTokenExtractor.php
C:\xampp\htdocs\proyect1\src\AccessTokenHandler.php
C:\xampp\htdocs\proyect1\src\AccessTokenUser.php
C:\xampp\htdocs\proyect1\src\AccessTokenUserProvider.php
C:\xampp\htdocs\proyect1\src\ActionType.php
C:\xampp\htdocs\proyect1\src\AdvancedFilter.php
C:\xampp\htdocs\proyect1\src\AdvancedSearch.php
C:\xampp\htdocs\proyect1\src\AdvancedSecurity.php
C:\xampp\htdocs\proyect1\src\AdvancedUserInterface.php
C:\xampp\htdocs\proyect1\src\Allow.php
C:\xampp\htdocs\proyect1\src\ApiActionEvent.php
C:\xampp\htdocs\proyect1\src\ApiPermissionMiddleware.php
C:\xampp\htdocs\proyect1\src\AttributeRouteControllerLoader.php
C:\xampp\htdocs\proyect1\src\Attributes.php
C:\xampp\htdocs\proyect1\src\AuditTrailHandler.php
C:\xampp\htdocs\proyect1\src\AuthenticationEntryPoint.php
C:\xampp\htdocs\proyect1\src\AuthenticationEventSubscriber.php
C:\xampp\htdocs\proyect1\src\AuthenticationFailureHandler.php
C:\xampp\htdocs\proyect1\src\AuthenticationMiddleware.php
C:\xampp\htdocs\proyect1\src\AuthenticationSuccessHandler.php
C:\xampp\htdocs\proyect1\src\BasicSearch.php
C:\xampp\htdocs\proyect1\src\Breadcrumb.php
C:\xampp\htdocs\proyect1\src\BytesType.php
C:\xampp\htdocs\proyect1\src\CaptchaBase.php
C:\xampp\htdocs\proyect1\src\CaptchaInterface.php
C:\xampp\htdocs\proyect1\src\ChartExporter.php
C:\xampp\htdocs\proyect1\src\ChartJsRenderer.php
C:\xampp\htdocs\proyect1\src\ChartRendererInterface.php
C:\xampp\htdocs\proyect1\src\ChartTypes.php
C:\xampp\htdocs\proyect1\src\Cognito.php
C:\xampp\htdocs\proyect1\src\ConfigurationEvent.php
C:\xampp\htdocs\proyect1\src\ConnectionFactory.php
C:\xampp\htdocs\proyect1\src\ContainerBuildEvent.php
C:\xampp\htdocs\proyect1\src\ContainerBuiltEvent.php
C:\xampp\htdocs\proyect1\src\CrosstabColumn.php
C:\xampp\htdocs\proyect1\src\CrosstabTable.php
C:\xampp\htdocs\proyect1\src\CspMiddleware.php
C:\xampp\htdocs\proyect1\src\CsrfMiddleware.php
C:\xampp\htdocs\proyect1\src\CustomLdapUserProvider.php
C:\xampp\htdocs\proyect1\src\CustomUploadHandler.php
C:\xampp\htdocs\proyect1\src\DataType.php
C:\xampp\htdocs\proyect1\src\DatabaseConnectedEvent.php
C:\xampp\htdocs\proyect1\src\DatabaseConnectingEvent.php
C:\xampp\htdocs\proyect1\src\DbChart.php
C:\xampp\htdocs\proyect1\src\DbField.php
C:\xampp\htdocs\proyect1\src\DbFields.php
C:\xampp\htdocs\proyect1\src\DbTable.php
C:\xampp\htdocs\proyect1\src\DbTableBase.php
C:\xampp\htdocs\proyect1\src\DebugStack.php
C:\xampp\htdocs\proyect1\src\DoctrineCollector.php
C:\xampp\htdocs\proyect1\src\Email.php
C:\xampp\htdocs\proyect1\src\EmailTwoFactorAuthentication.php
C:\xampp\htdocs\proyect1\src\EntityDescriptor.php
C:\xampp\htdocs\proyect1\src\EntityManagerFactory.php
C:\xampp\htdocs\proyect1\src\EntityUserProvider.php
C:\xampp\htdocs\proyect1\src\Entity\ActividadLog.php
C:\xampp\htdocs\proyect1\src\Entity\AportesLegale.php
C:\xampp\htdocs\proyect1\src\Entity\Compra.php
C:\xampp\htdocs\proyect1\src\Entity\Cooperativa.php
C:\xampp\htdocs\proyect1\src\Entity\HorasTrabajada.php
C:\xampp\htdocs\proyect1\src\Entity\Ingreso.php
C:\xampp\htdocs\proyect1\src\Entity\MovimientosStock.php
C:\xampp\htdocs\proyect1\src\Entity\PagosSocio.php
C:\xampp\htdocs\proyect1\src\Entity\Proveedore.php
C:\xampp\htdocs\proyect1\src\Entity\Socio.php
C:\xampp\htdocs\proyect1\src\Entity\Stock.php
C:\xampp\htdocs\proyect1\src\Entity\Usuario.php
C:\xampp\htdocs\proyect1\src\ExportCsv.php
C:\xampp\htdocs\proyect1\src\ExportEmail.php
C:\xampp\htdocs\proyect1\src\ExportExcel.php
C:\xampp\htdocs\proyect1\src\ExportHandler.php
C:\xampp\htdocs\proyect1\src\ExportHtml.php
C:\xampp\htdocs\proyect1\src\ExportJson.php
C:\xampp\htdocs\proyect1\src\ExportPdf.php
C:\xampp\htdocs\proyect1\src\ExportWord.php
C:\xampp\htdocs\proyect1\src\ExportXml.php
C:\xampp\htdocs\proyect1\src\FileUploadHandler.php
C:\xampp\htdocs\proyect1\src\FileViewer.php
C:\xampp\htdocs\proyect1\src\FirewallRequestMatcher.php
C:\xampp\htdocs\proyect1\src\ForceLogoutUserAction.php
C:\xampp\htdocs\proyect1\src\FormLogin1faAuthenticator.php
C:\xampp\htdocs\proyect1\src\FormLogin2faAuthenticator.php
C:\xampp\htdocs\proyect1\src\FormTrait.php
C:\xampp\htdocs\proyect1\src\GeographyType.php
C:\xampp\htdocs\proyect1\src\GeometryType.php
C:\xampp\htdocs\proyect1\src\HierarchyIdType.php
C:\xampp\htdocs\proyect1\src\HttpErrorHandler.php
C:\xampp\htdocs\proyect1\src\HttpFoundationFactory.php
C:\xampp\htdocs\proyect1\src\HttpKernel.php
C:\xampp\htdocs\proyect1\src\HttpServiceUnavailableException.php
C:\xampp\htdocs\proyect1\src\HttpUpload.php
C:\xampp\htdocs\proyect1\src\HybridauthSessionStorage.php
C:\xampp\htdocs\proyect1\src\JavascriptRenderer.php
C:\xampp\htdocs\proyect1\src\JwtMiddleware.php
C:\xampp\htdocs\proyect1\src\Language.php
C:\xampp\htdocs\proyect1\src\LanguageLoadEvent.php
C:\xampp\htdocs\proyect1\src\LegacyPasswordHasher.php
C:\xampp\htdocs\proyect1\src\ListAction.php
C:\xampp\htdocs\proyect1\src\ListActions.php
C:\xampp\htdocs\proyect1\src\ListOption.php
C:\xampp\htdocs\proyect1\src\ListOptions.php
C:\xampp\htdocs\proyect1\src\ListOptionsCollection.php
C:\xampp\htdocs\proyect1\src\LoginRateLimiter.php
C:\xampp\htdocs\proyect1\src\LoginStatusEvent.php
C:\xampp\htdocs\proyect1\src\LogoutSubscriber.php
C:\xampp\htdocs\proyect1\src\Lookup.php
C:\xampp\htdocs\proyect1\src\LookupTableInterface.php
C:\xampp\htdocs\proyect1\src\MaintenanceMiddleware.php
C:\xampp\htdocs\proyect1\src\Menu.php
C:\xampp\htdocs\proyect1\src\MenuItem.php
C:\xampp\htdocs\proyect1\src\MenuItemAddingEvent.php
C:\xampp\htdocs\proyect1\src\MenuRenderedEvent.php
C:\xampp\htdocs\proyect1\src\MenuRenderingEvent.php
C:\xampp\htdocs\proyect1\src\MessagesTrait.php
C:\xampp\htdocs\proyect1\src\MicrosoftEntraID.php
C:\xampp\htdocs\proyect1\src\NumericPager.php
C:\xampp\htdocs\proyect1\src\OptionValues.php
C:\xampp\htdocs\proyect1\src\PageLoadingEvent.php
C:\xampp\htdocs\proyect1\src\PageRenderingEvent.php
C:\xampp\htdocs\proyect1\src\PageUnloadedEvent.php
C:\xampp\htdocs\proyect1\src\Pager.php
C:\xampp\htdocs\proyect1\src\PagerItem.php
C:\xampp\htdocs\proyect1\src\PasswordHash.php
C:\xampp\htdocs\proyect1\src\PermissionMiddleware.php
C:\xampp\htdocs\proyect1\src\PhpDebugBar.php
C:\xampp\htdocs\proyect1\src\PhpDebugBarMiddleware.php
C:\xampp\htdocs\proyect1\src\PhpEncryption.php
C:\xampp\htdocs\proyect1\src\PhpHttpDriver.php
C:\xampp\htdocs\proyect1\src\PhpMailerTransport.php
C:\xampp\htdocs\proyect1\src\PhpMailerTransportFactory.php
C:\xampp\htdocs\proyect1\src\PragmaRxTwoFactorAuthentication.php
C:\xampp\htdocs\proyect1\src\PrevNextPager.php
C:\xampp\htdocs\proyect1\src\ProfileStorage.php
C:\xampp\htdocs\proyect1\src\PushNotification.php
C:\xampp\htdocs\proyect1\src\RememberMeTokenProvider.php
C:\xampp\htdocs\proyect1\src\ReportField.php
C:\xampp\htdocs\proyect1\src\ReportTable.php
C:\xampp\htdocs\proyect1\src\RequestDataCollector.php
C:\xampp\htdocs\proyect1\src\RequestResponseStrategy.php
C:\xampp\htdocs\proyect1\src\ResendRegisterEmailAction.php
C:\xampp\htdocs\proyect1\src\ResetConcurrentUserAction.php
C:\xampp\htdocs\proyect1\src\ResetLoginRetryAction.php
C:\xampp\htdocs\proyect1\src\ResetUserSecretAction.php
C:\xampp\htdocs\proyect1\src\RouteActionEvent.php
C:\xampp\htdocs\proyect1\src\RouteAttributes.php
C:\xampp\htdocs\proyect1\src\RowSummary.php
C:\xampp\htdocs\proyect1\src\RowTotal.php
C:\xampp\htdocs\proyect1\src\RowType.php
C:\xampp\htdocs\proyect1\src\Saml2.php
C:\xampp\htdocs\proyect1\src\SecurityContainerCompiledEvent.php
C:\xampp\htdocs\proyect1\src\SecurityContainerCompilingEvent.php
C:\xampp\htdocs\proyect1\src\SecurityContainerFactory.php
C:\xampp\htdocs\proyect1\src\SecurityServiceLocator.php
C:\xampp\htdocs\proyect1\src\SendLoginLinkAction.php
C:\xampp\htdocs\proyect1\src\SendOneTimePasswordInterface.php
C:\xampp\htdocs\proyect1\src\ServicesConfigurationEvent.php
C:\xampp\htdocs\proyect1\src\SessionHandler.php
C:\xampp\htdocs\proyect1\src\SessionMiddleware.php
C:\xampp\htdocs\proyect1\src\SetPasswordExpiredAction.php
C:\xampp\htdocs\proyect1\src\SmsTwoFactorAuthentication.php
C:\xampp\htdocs\proyect1\src\SsoStateSessionStore.php
C:\xampp\htdocs\proyect1\src\SubPage.php
C:\xampp\htdocs\proyect1\src\SubPages.php
C:\xampp\htdocs\proyect1\src\SummaryField.php
C:\xampp\htdocs\proyect1\src\SwitchUserAction.php
C:\xampp\htdocs\proyect1\src\SwitchUserVoter.php
C:\xampp\htdocs\proyect1\src\SymfonyMailCollector.php
C:\xampp\htdocs\proyect1\src\TwoFactorAuthenticatedToken.php
C:\xampp\htdocs\proyect1\src\TwoFactorAuthenticatingToken.php
C:\xampp\htdocs\proyect1\src\TwoFactorAuthenticationInterface.php
C:\xampp\htdocs\proyect1\src\UploadHandler.php
C:\xampp\htdocs\proyect1\src\UrlGenerator.php
C:\xampp\htdocs\proyect1\src\UserActivatedException.php
C:\xampp\htdocs\proyect1\src\UserChecker.php
C:\xampp\htdocs\proyect1\src\UserProfile.php
C:\xampp\htdocs\proyect1\src\UserRepository.php
C:\xampp\htdocs\proyect1\src\WindowsUser.php
C:\xampp\htdocs\proyect1\src\WindowsUserProvider.php
C:\xampp\htdocs\proyect1\src\XmlDocument.php
C:\xampp\htdocs\proyect1\src\apiroutes.php
C:\xampp\htdocs\proyect1\src\config.development.php
C:\xampp\htdocs\proyect1\src\config.php
C:\xampp\htdocs\proyect1\src\config.production.php
C:\xampp\htdocs\proyect1\src\config.security.php
C:\xampp\htdocs\proyect1\src\constants.php
C:\xampp\htdocs\proyect1\src\definitions.php
C:\xampp\htdocs\proyect1\src\lock.php
C:\xampp\htdocs\proyect1\src\phpfn.php
C:\xampp\htdocs\proyect1\src\routes.php
C:\xampp\htdocs\proyect1\src\security.php
C:\xampp\htdocs\proyect1\src\services.php
C:\xampp\htdocs\proyect1\src\userfn.php
C:\xampp\htdocs\proyect1\src\userlevelsettings.php
C:\xampp\htdocs\proyect1\views\ActividadLogAdd.php
C:\xampp\htdocs\proyect1\views\ActividadLogDelete.php
C:\xampp\htdocs\proyect1\views\ActividadLogEdit.php
C:\xampp\htdocs\proyect1\views\ActividadLogList.php
C:\xampp\htdocs\proyect1\views\ActividadLogView.php
C:\xampp\htdocs\proyect1\views\AportesLegalesAdd.php
C:\xampp\htdocs\proyect1\views\AportesLegalesDelete.php
C:\xampp\htdocs\proyect1\views\AportesLegalesEdit.php
C:\xampp\htdocs\proyect1\views\AportesLegalesList.php
C:\xampp\htdocs\proyect1\views\AportesLegalesView.php
C:\xampp\htdocs\proyect1\views\ChangePassword.php
C:\xampp\htdocs\proyect1\views\ComprasAdd.php
C:\xampp\htdocs\proyect1\views\ComprasDelete.php
C:\xampp\htdocs\proyect1\views\ComprasEdit.php
C:\xampp\htdocs\proyect1\views\ComprasList.php
C:\xampp\htdocs\proyect1\views\ComprasView.php
C:\xampp\htdocs\proyect1\views\CooperativasAdd.php
C:\xampp\htdocs\proyect1\views\CooperativasDelete.php
C:\xampp\htdocs\proyect1\views\CooperativasEdit.php
C:\xampp\htdocs\proyect1\views\CooperativasList.php
C:\xampp\htdocs\proyect1\views\CooperativasView.php
C:\xampp\htdocs\proyect1\views\Error.php
C:\xampp\htdocs\proyect1\views\HorasTrabajadasAdd.php
C:\xampp\htdocs\proyect1\views\HorasTrabajadasDelete.php
C:\xampp\htdocs\proyect1\views\HorasTrabajadasEdit.php
C:\xampp\htdocs\proyect1\views\HorasTrabajadasList.php
C:\xampp\htdocs\proyect1\views\HorasTrabajadasView.php
C:\xampp\htdocs\proyect1\views\IngresosAdd.php
C:\xampp\htdocs\proyect1\views\IngresosDelete.php
C:\xampp\htdocs\proyect1\views\IngresosEdit.php
C:\xampp\htdocs\proyect1\views\IngresosList.php
C:\xampp\htdocs\proyect1\views\IngresosView.php
C:\xampp\htdocs\proyect1\views\Login.php
C:\xampp\htdocs\proyect1\views\MovimientosStockAdd.php
C:\xampp\htdocs\proyect1\views\MovimientosStockDelete.php
C:\xampp\htdocs\proyect1\views\MovimientosStockEdit.php
C:\xampp\htdocs\proyect1\views\MovimientosStockList.php
C:\xampp\htdocs\proyect1\views\MovimientosStockView.php
C:\xampp\htdocs\proyect1\views\PagosSociosAdd.php
C:\xampp\htdocs\proyect1\views\PagosSociosDelete.php
C:\xampp\htdocs\proyect1\views\PagosSociosEdit.php
C:\xampp\htdocs\proyect1\views\PagosSociosList.php
C:\xampp\htdocs\proyect1\views\PagosSociosView.php
C:\xampp\htdocs\proyect1\views\PersonalData.php
C:\xampp\htdocs\proyect1\views\ProveedoresAdd.php
C:\xampp\htdocs\proyect1\views\ProveedoresDelete.php
C:\xampp\htdocs\proyect1\views\ProveedoresEdit.php
C:\xampp\htdocs\proyect1\views\ProveedoresList.php
C:\xampp\htdocs\proyect1\views\ProveedoresView.php
C:\xampp\htdocs\proyect1\views\Register.php
C:\xampp\htdocs\proyect1\views\ResetPassword.php
C:\xampp\htdocs\proyect1\views\SociosAdd.php
C:\xampp\htdocs\proyect1\views\SociosDelete.php
C:\xampp\htdocs\proyect1\views\SociosEdit.php
C:\xampp\htdocs\proyect1\views\SociosList.php
C:\xampp\htdocs\proyect1\views\SociosView.php
C:\xampp\htdocs\proyect1\views\StockAdd.php
C:\xampp\htdocs\proyect1\views\StockDelete.php
C:\xampp\htdocs\proyect1\views\StockEdit.php
C:\xampp\htdocs\proyect1\views\StockList.php
C:\xampp\htdocs\proyect1\views\StockView.php
C:\xampp\htdocs\proyect1\views\UsuariosAdd.php
C:\xampp\htdocs\proyect1\views\UsuariosDelete.php
C:\xampp\htdocs\proyect1\views\UsuariosEdit.php
C:\xampp\htdocs\proyect1\views\UsuariosList.php
C:\xampp\htdocs\proyect1\views\UsuariosView.php
C:\xampp\htdocs\proyect1\views\email.php
C:\xampp\htdocs\proyect1\views\layout.php
C:\xampp\htdocs\proyect1\views\menu.php
C:\xampp\htdocs\proyect1\views\swagger.php
C:\xampp\htdocs\proyect1\web.config